#
# There is insufficient memory for the Java Runtime Environment to continue.
# Native memory allocation (mmap) failed to map 8388608 bytes for G1 virtual space
# Possible reasons:
#   The system is out of physical RAM or swap space
#   The process is running with CompressedOops enabled, and the Java Heap may be blocking the growth of the native heap
# Possible solutions:
#   Reduce memory load on the system
#   Increase physical memory or swap space
#   Check if swap backing store is full
#   Decrease Java heap size (-Xmx/-Xms)
#   Decrease number of Java threads
#   Decrease Java thread stack sizes (-Xss)
#   Set larger code cache with -XX:ReservedCodeCacheSize=
#   JVM is running with Unscaled Compressed Oops mode in which the Java heap is
#     placed in the first 4GB address space. The Java Heap base address is the
#     maximum limit for the native heap growth. Please use -XX:HeapBaseMinAddress
#     to set the Java Heap base and to place the Java Heap above 4GB virtual address.
# This output file may be truncated or incomplete.
#
#  Out of Memory Error (os_windows.cpp:3559), pid=5556, tid=21088
#
# JRE version: OpenJDK Runtime Environment Corretto-17.0.7.7.1 (17.0.7+7) (build 17.0.7+7-LTS)
# Java VM: OpenJDK 64-Bit Server VM Corretto-17.0.7.7.1 (17.0.7+7-LTS, mixed mode, sharing, tiered, compressed oops, compressed class ptrs, g1 gc, windows-amd64)
# No core dump will be written. Minidumps are not enabled by default on client versions of Windows
#

---------------  S U M M A R Y ------------

Command Line: --add-opens=java.base/java.util=ALL-UNNAMED --add-opens=java.base/java.lang=ALL-UNNAMED --add-opens=java.base/java.lang.invoke=ALL-UNNAMED --add-opens=java.prefs/java.util.prefs=ALL-UNNAMED --add-opens=java.base/java.nio.charset=ALL-UNNAMED --add-opens=java.base/java.net=ALL-UNNAMED --add-opens=java.base/java.util.concurrent.atomic=ALL-UNNAMED -Xmx2048m -Dfile.encoding=UTF-8 -Duser.country=US -Duser.language=en -Duser.variant org.gradle.launcher.daemon.bootstrap.GradleDaemon 8.0

Host: AMD Ryzen 5 5600H with Radeon Graphics         , 12 cores, 13G,  Windows 11 , 64 bit Build 22621 (10.0.22621.1928)
Time: Fri Jul  7 18:11:25 2023 GTB Daylight Time elapsed time: 11.202043 seconds (0d 0h 0m 11s)

---------------  T H R E A D  ---------------

Current thread (0x0000016eeccae160):  VMThread "VM Thread" [stack: 0x0000005e73700000,0x0000005e73800000] [id=21088]

Stack: [0x0000005e73700000,0x0000005e73800000]
Native frames: (J=compiled Java code, j=interpreted, Vv=VM code, C=native code)
V  [jvm.dll+0x64b53a]
V  [jvm.dll+0x7fef54]
V  [jvm.dll+0x80070e]
V  [jvm.dll+0x800d63]
V  [jvm.dll+0x236a2b]
V  [jvm.dll+0x64843a]
V  [jvm.dll+0x63ce8a]
V  [jvm.dll+0x2f5629]
V  [jvm.dll+0x2fc826]
V  [jvm.dll+0x348eea]
V  [jvm.dll+0x34912f]
V  [jvm.dll+0x2cb9a8]
V  [jvm.dll+0x2ceb16]
V  [jvm.dll+0x2d938c]
V  [jvm.dll+0x30cc80]
V  [jvm.dll+0x80519b]
V  [jvm.dll+0x805e78]
V  [jvm.dll+0x8063a5]
V  [jvm.dll+0x806774]
V  [jvm.dll+0x80683e]
V  [jvm.dll+0x7b237a]
V  [jvm.dll+0x64a3a5]
C  [ucrtbase.dll+0x29363]
C  [KERNEL32.DLL+0x126ad]
C  [ntdll.dll+0x5aa68]

VM_Operation (0x0000005e733ff670): G1Concurrent, mode: safepoint, requested by thread 0x0000016ece4513d0


---------------  P R O C E S S  ---------------

Threads class SMR info:
_java_thread_list=0x0000016ef3cdb140, length=168, elements={
0x0000016ece3e5f80, 0x0000016eeccb46b0, 0x0000016eeccb5170, 0x0000016eeccc7090,
0x0000016eeccc9e60, 0x0000016eecccca40, 0x0000016eecccf530, 0x0000016eeccd34c0,
0x0000016eeccdc200, 0x0000016eeccdc710, 0x0000016ef1122a70, 0x0000016ef1123760,
0x0000016ef2ad9130, 0x0000016ef3b98a90, 0x0000016ef2cbaaf0, 0x0000016ef2020e70,
0x0000016ef2021340, 0x0000016ef21ed5b0, 0x0000016ef2f98bb0, 0x0000016ef3246b30,
0x0000016ef3248ce0, 0x0000016ef3249680, 0x0000016ef3247000, 0x0000016ef3246190,
0x0000016ef3247e70, 0x0000016ef3248340, 0x0000016ef32491b0, 0x0000016ef3248810,
0x0000016ef32479a0, 0x0000016ef3245cc0, 0x0000016ef3246660, 0x0000016ef430c0a0,
0x0000016ef43108d0, 0x0000016ef4311740, 0x0000016ef4310da0, 0x0000016ef4310400,
0x0000016ef430d8b0, 0x0000016ef430ad60, 0x0000016ef430b230, 0x0000016ef430fa60,
0x0000016ef430ff30, 0x0000016ef430dd80, 0x0000016ef430e720, 0x0000016ef4311c10,
0x0000016ef430ca40, 0x0000016ef430bbd0, 0x0000016ef430cf10, 0x0000016ef430d3e0,
0x0000016ef430e250, 0x0000016ef430ebf0, 0x0000016ef50d1de0, 0x0000016ef50d3f90,
0x0000016ef50d0f70, 0x0000016ef50d1440, 0x0000016ef50d4460, 0x0000016ef50d5c70,
0x0000016ef50d7950, 0x0000016ef50d4930, 0x0000016ef50d0aa0, 0x0000016ef50d1910,
0x0000016ef50d4e00, 0x0000016ef50d3120, 0x0000016ef50d3ac0, 0x0000016ef50d0100,
0x0000016ef50d05d0, 0x0000016ef50d6140, 0x0000016ef50d2c50, 0x0000016ef50d52d0,
0x0000016ef50d35f0, 0x0000016ef50d22b0, 0x0000016ef50d2780, 0x0000016ef50d57a0,
0x0000016ef50d6610, 0x0000016ef50d6ae0, 0x0000016ef50d6fb0, 0x0000016ef50d7480,
0x0000016ef10acee0, 0x0000016ef10abba0, 0x0000016ef10aebc0, 0x0000016ef10ae6f0,
0x0000016ef10aca10, 0x0000016ef10add50, 0x0000016ef10ae220, 0x0000016ef10ad3b0,
0x0000016ef10ad880, 0x0000016ef10af090, 0x0000016ef10af560, 0x0000016ef10ac070,
0x0000016ef10ac540, 0x0000016ef6a3e410, 0x0000016ef6a3df40, 0x0000016ef6a3fc20,
0x0000016ef6a3e8e0, 0x0000016ef6a3edb0, 0x0000016ef6a400f0, 0x0000016ef6a3f280,
0x0000016ef6a3f750, 0x0000016ef6a405c0, 0x0000016ef6a40a90, 0x0000016ef6a40f60,
0x0000016ef6a3d5a0, 0x0000016ef6a3da70, 0x0000016ef141ea90, 0x0000016ef141dc20,
0x0000016ef141e0f0, 0x0000016ef14198c0, 0x0000016ef141d750, 0x0000016ef141b5a0,
0x0000016ef141e5c0, 0x0000016ef141a730, 0x0000016ef141ac00, 0x0000016ef141ef60,
0x0000016ef1419d90, 0x0000016ef141f900, 0x0000016ef141f430, 0x0000016ef141cdb0,
0x0000016ef141a260, 0x0000016ef1418580, 0x0000016ef1418f20, 0x0000016ef141d280,
0x0000016ef141bf40, 0x0000016ef14180b0, 0x0000016ef1418a50, 0x0000016ef14193f0,
0x0000016ef141b0d0, 0x0000016ef141c410, 0x0000016ef141c8e0, 0x0000016ef141ba70,
0x0000016ef57fff10, 0x0000016ef5804740, 0x0000016ef5801250, 0x0000016ef58008b0,
0x0000016ef58050e0, 0x0000016ef5801720, 0x0000016ef5803da0, 0x0000016ef5803400,
0x0000016ef5800d80, 0x0000016ef5804270, 0x0000016ef5804c10, 0x0000016ef5802a60,
0x0000016ef5801bf0, 0x0000016ef57fd890, 0x0000016ef57ff0a0, 0x0000016ef58020c0,
0x0000016ef57fe700, 0x0000016ef58003e0, 0x0000016ef5802f30, 0x0000016ef57fdd60,
0x0000016ef57ff570, 0x0000016ef57fe230, 0x0000016ef57febd0, 0x0000016ef58038d0,
0x0000016ef5802590, 0x0000016ef57ffa40, 0x0000016ef39a78c0, 0x0000016ef39a8260,
0x0000016ef39a60b0, 0x0000016ef39a6a50, 0x0000016ef39a4d70, 0x0000016ef39a5be0,
0x0000016ef39a6580, 0x0000016ef39a9f40, 0x0000016ef39aadb0, 0x0000016ef39a3a30,
0x0000016ef39a5710, 0x0000016ef39a5240, 0x0000016ef39a8c00, 0x0000016ef39a3f00
}

Java Threads: ( => current thread )
  0x0000016ece3e5f80 JavaThread "main" [_thread_blocked, id=20704, stack(0x0000005e73100000,0x0000005e73200000)]
  0x0000016eeccb46b0 JavaThread "Reference Handler" daemon [_thread_blocked, id=22752, stack(0x0000005e73800000,0x0000005e73900000)]
  0x0000016eeccb5170 JavaThread "Finalizer" daemon [_thread_blocked, id=20924, stack(0x0000005e73900000,0x0000005e73a00000)]
  0x0000016eeccc7090 JavaThread "Signal Dispatcher" daemon [_thread_blocked, id=12096, stack(0x0000005e73a00000,0x0000005e73b00000)]
  0x0000016eeccc9e60 JavaThread "Attach Listener" daemon [_thread_blocked, id=16808, stack(0x0000005e73b00000,0x0000005e73c00000)]
  0x0000016eecccca40 JavaThread "Service Thread" daemon [_thread_blocked, id=10764, stack(0x0000005e73c00000,0x0000005e73d00000)]
  0x0000016eecccf530 JavaThread "Monitor Deflation Thread" daemon [_thread_blocked, id=7260, stack(0x0000005e73d00000,0x0000005e73e00000)]
  0x0000016eeccd34c0 JavaThread "C2 CompilerThread0" daemon [_thread_blocked, id=3524, stack(0x0000005e73e00000,0x0000005e73f00000)]
  0x0000016eeccdc200 JavaThread "C1 CompilerThread0" daemon [_thread_blocked, id=9496, stack(0x0000005e73f00000,0x0000005e74000000)]
  0x0000016eeccdc710 JavaThread "Sweeper thread" daemon [_thread_blocked, id=8448, stack(0x0000005e74000000,0x0000005e74100000)]
  0x0000016ef1122a70 JavaThread "Common-Cleaner" daemon [_thread_blocked, id=25304, stack(0x0000005e74100000,0x0000005e74200000)]
  0x0000016ef1123760 JavaThread "Notification Thread" daemon [_thread_blocked, id=22648, stack(0x0000005e74200000,0x0000005e74300000)]
  0x0000016ef2ad9130 JavaThread "Daemon health stats" [_thread_blocked, id=21308, stack(0x0000005e74a00000,0x0000005e74b00000)]
  0x0000016ef3b98a90 JavaThread "Incoming local TCP Connector on port 59916" [_thread_in_native, id=21424, stack(0x0000005e74b00000,0x0000005e74c00000)]
  0x0000016ef2cbaaf0 JavaThread "Daemon periodic checks" [_thread_blocked, id=13660, stack(0x0000005e74c00000,0x0000005e74d00000)]
  0x0000016ef2020e70 JavaThread "Daemon" [_thread_blocked, id=12848, stack(0x0000005e74d00000,0x0000005e74e00000)]
  0x0000016ef2021340 JavaThread "Handler for socket connection from /127.0.0.1:59916 to /127.0.0.1:59917" [_thread_in_native, id=24752, stack(0x0000005e74e00000,0x0000005e74f00000)]
  0x0000016ef21ed5b0 JavaThread "Cancel handler" [_thread_blocked, id=17452, stack(0x0000005e74f00000,0x0000005e75000000)]
  0x0000016ef2f98bb0 JavaThread "Daemon worker" [_thread_blocked, id=324, stack(0x0000005e75000000,0x0000005e75100000)]
  0x0000016ef3246b30 JavaThread "Asynchronous log dispatcher for DefaultDaemonConnection: socket connection from /127.0.0.1:59916 to /127.0.0.1:59917" [_thread_blocked, id=21644, stack(0x0000005e75100000,0x0000005e75200000)]
  0x0000016ef3248ce0 JavaThread "Stdin handler" [_thread_blocked, id=18488, stack(0x0000005e75200000,0x0000005e75300000)]
  0x0000016ef3249680 JavaThread "Daemon client event forwarder" [_thread_blocked, id=8408, stack(0x0000005e75300000,0x0000005e75400000)]
  0x0000016ef3247000 JavaThread "Cache worker for journal cache (C:\Users\vorte\.gradle\caches\journal-1)" [_thread_blocked, id=13088, stack(0x0000005e75400000,0x0000005e75500000)]
  0x0000016ef3246190 JavaThread "File lock request listener" [_thread_in_native, id=22968, stack(0x0000005e75500000,0x0000005e75600000)]
  0x0000016ef3247e70 JavaThread "Cache worker for file hash cache (C:\Users\vorte\.gradle\caches\8.0\fileHashes)" [_thread_blocked, id=14284, stack(0x0000005e75600000,0x0000005e75700000)]
  0x0000016ef3248340 JavaThread "Cache worker for file hash cache (D:\Projects\AndroidProjects\CASCO\.gradle\8.0\fileHashes)" [_thread_blocked, id=18352, stack(0x0000005e75700000,0x0000005e75800000)]
  0x0000016ef32491b0 JavaThread "Cache worker for file content cache (C:\Users\vorte\.gradle\caches\8.0\fileContent)" [_thread_blocked, id=21888, stack(0x0000005e74500000,0x0000005e74600000)]
  0x0000016ef3248810 JavaThread "Cache worker for checksums cache (D:\Projects\AndroidProjects\CASCO\.gradle\8.0\checksums)" [_thread_blocked, id=21348, stack(0x0000005e75800000,0x0000005e75900000)]
  0x0000016ef32479a0 JavaThread "File watcher server" daemon [_thread_blocked, id=12840, stack(0x0000005e76000000,0x0000005e76100000)]
  0x0000016ef3245cc0 JavaThread "File watcher consumer" daemon [_thread_blocked, id=3336, stack(0x0000005e76100000,0x0000005e76200000)]
  0x0000016ef3246660 JavaThread "Cache worker for cache directory md-rule (C:\Users\vorte\.gradle\caches\8.0\md-rule)" [_thread_blocked, id=14784, stack(0x0000005e76200000,0x0000005e76300000)]
  0x0000016ef430c0a0 JavaThread "Cache worker for cache directory md-supplier (C:\Users\vorte\.gradle\caches\8.0\md-supplier)" [_thread_blocked, id=15276, stack(0x0000005e76300000,0x0000005e76400000)]
  0x0000016ef43108d0 JavaThread "Cache worker for execution history cache (C:\Users\vorte\.gradle\caches\8.0\executionHistory)" [_thread_blocked, id=16572, stack(0x0000005e76400000,0x0000005e76500000)]
  0x0000016ef4311740 JavaThread "jar transforms" [_thread_blocked, id=22136, stack(0x0000005e76500000,0x0000005e76600000)]
  0x0000016ef4310da0 JavaThread "jar transforms Thread 2" [_thread_blocked, id=18236, stack(0x0000005e76600000,0x0000005e76700000)]
  0x0000016ef4310400 JavaThread "File lock release action executor" [_thread_blocked, id=5292, stack(0x0000005e76700000,0x0000005e76800000)]
  0x0000016ef430d8b0 JavaThread "jar transforms Thread 3" [_thread_blocked, id=708, stack(0x0000005e76900000,0x0000005e76a00000)]
  0x0000016ef430ad60 JavaThread "jar transforms Thread 4" [_thread_blocked, id=19996, stack(0x0000005e76a00000,0x0000005e76b00000)]
  0x0000016ef430b230 JavaThread "Cache worker for dependencies-accessors (D:\Projects\AndroidProjects\CASCO\.gradle\8.0\dependencies-accessors)" [_thread_blocked, id=5232, stack(0x0000005e76b00000,0x0000005e76c00000)]
  0x0000016ef430fa60 JavaThread "jar transforms Thread 5" [_thread_blocked, id=20580, stack(0x0000005e76c00000,0x0000005e76d00000)]
  0x0000016ef430ff30 JavaThread "Cache worker for Build Output Cleanup Cache (D:\Projects\AndroidProjects\CASCO\.gradle\buildOutputCleanup)" [_thread_blocked, id=1748, stack(0x0000005e76800000,0x0000005e76900000)]
  0x0000016ef430dd80 JavaThread "Unconstrained build operations" [_thread_blocked, id=20412, stack(0x0000005e74400000,0x0000005e74500000)]
  0x0000016ef430e720 JavaThread "Unconstrained build operations Thread 2" [_thread_blocked, id=13720, stack(0x0000005e76d00000,0x0000005e76e00000)]
  0x0000016ef4311c10 JavaThread "Unconstrained build operations Thread 3" [_thread_blocked, id=6260, stack(0x0000005e76f00000,0x0000005e77000000)]
  0x0000016ef430ca40 JavaThread "Unconstrained build operations Thread 4" [_thread_blocked, id=9020, stack(0x0000005e77000000,0x0000005e77100000)]
  0x0000016ef430bbd0 JavaThread "Unconstrained build operations Thread 5" [_thread_blocked, id=20104, stack(0x0000005e77100000,0x0000005e77200000)]
  0x0000016ef430cf10 JavaThread "Unconstrained build operations Thread 6" [_thread_blocked, id=15520, stack(0x0000005e77200000,0x0000005e77300000)]
  0x0000016ef430d3e0 JavaThread "Unconstrained build operations Thread 7" [_thread_blocked, id=22944, stack(0x0000005e77300000,0x0000005e77400000)]
  0x0000016ef430e250 JavaThread "Unconstrained build operations Thread 8" [_thread_blocked, id=20232, stack(0x0000005e77400000,0x0000005e77500000)]
  0x0000016ef430ebf0 JavaThread "Unconstrained build operations Thread 9" [_thread_blocked, id=10136, stack(0x0000005e77500000,0x0000005e77600000)]
  0x0000016ef50d1de0 JavaThread "Unconstrained build operations Thread 10" [_thread_blocked, id=21928, stack(0x0000005e77600000,0x0000005e77700000)]
  0x0000016ef50d3f90 JavaThread "Unconstrained build operations Thread 11" [_thread_blocked, id=21324, stack(0x0000005e77700000,0x0000005e77800000)]
  0x0000016ef50d0f70 JavaThread "Unconstrained build operations Thread 12" [_thread_blocked, id=4460, stack(0x0000005e77800000,0x0000005e77900000)]
  0x0000016ef50d1440 JavaThread "Unconstrained build operations Thread 13" [_thread_blocked, id=19312, stack(0x0000005e77900000,0x0000005e77a00000)]
  0x0000016ef50d4460 JavaThread "Unconstrained build operations Thread 14" [_thread_blocked, id=16960, stack(0x0000005e77a00000,0x0000005e77b00000)]
  0x0000016ef50d5c70 JavaThread "Unconstrained build operations Thread 15" [_thread_blocked, id=11348, stack(0x0000005e77b00000,0x0000005e77c00000)]
  0x0000016ef50d7950 JavaThread "Unconstrained build operations Thread 16" [_thread_blocked, id=23036, stack(0x0000005e77c00000,0x0000005e77d00000)]
  0x0000016ef50d4930 JavaThread "Unconstrained build operations Thread 17" [_thread_blocked, id=12948, stack(0x0000005e77d00000,0x0000005e77e00000)]
  0x0000016ef50d0aa0 JavaThread "Unconstrained build operations Thread 18" [_thread_blocked, id=10120, stack(0x0000005e77e00000,0x0000005e77f00000)]
  0x0000016ef50d1910 JavaThread "Unconstrained build operations Thread 19" [_thread_blocked, id=7020, stack(0x0000005e77f00000,0x0000005e78000000)]
  0x0000016ef50d4e00 JavaThread "Unconstrained build operations Thread 20" [_thread_blocked, id=5136, stack(0x0000005e78000000,0x0000005e78100000)]
  0x0000016ef50d3120 JavaThread "Unconstrained build operations Thread 21" [_thread_blocked, id=9764, stack(0x0000005e78100000,0x0000005e78200000)]
  0x0000016ef50d3ac0 JavaThread "Unconstrained build operations Thread 22" [_thread_blocked, id=25328, stack(0x0000005e78200000,0x0000005e78300000)]
  0x0000016ef50d0100 JavaThread "Unconstrained build operations Thread 23" [_thread_blocked, id=3432, stack(0x0000005e78300000,0x0000005e78400000)]
  0x0000016ef50d05d0 JavaThread "Unconstrained build operations Thread 24" [_thread_blocked, id=22268, stack(0x0000005e78400000,0x0000005e78500000)]
  0x0000016ef50d6140 JavaThread "Unconstrained build operations Thread 25" [_thread_blocked, id=11420, stack(0x0000005e78500000,0x0000005e78600000)]
  0x0000016ef50d2c50 JavaThread "Unconstrained build operations Thread 26" [_thread_blocked, id=2356, stack(0x0000005e78600000,0x0000005e78700000)]
  0x0000016ef50d52d0 JavaThread "Unconstrained build operations Thread 27" [_thread_blocked, id=21116, stack(0x0000005e78700000,0x0000005e78800000)]
  0x0000016ef50d35f0 JavaThread "Unconstrained build operations Thread 28" [_thread_blocked, id=14104, stack(0x0000005e78800000,0x0000005e78900000)]
  0x0000016ef50d22b0 JavaThread "Unconstrained build operations Thread 29" [_thread_blocked, id=19712, stack(0x0000005e78900000,0x0000005e78a00000)]
  0x0000016ef50d2780 JavaThread "Unconstrained build operations Thread 30" [_thread_blocked, id=4608, stack(0x0000005e78a00000,0x0000005e78b00000)]
  0x0000016ef50d57a0 JavaThread "Unconstrained build operations Thread 31" [_thread_blocked, id=15792, stack(0x0000005e78b00000,0x0000005e78c00000)]
  0x0000016ef50d6610 JavaThread "Unconstrained build operations Thread 32" [_thread_blocked, id=5008, stack(0x0000005e78c00000,0x0000005e78d00000)]
  0x0000016ef50d6ae0 JavaThread "Unconstrained build operations Thread 33" [_thread_blocked, id=12160, stack(0x0000005e78d00000,0x0000005e78e00000)]
  0x0000016ef50d6fb0 JavaThread "Unconstrained build operations Thread 34" [_thread_blocked, id=8596, stack(0x0000005e78e00000,0x0000005e78f00000)]
  0x0000016ef50d7480 JavaThread "Unconstrained build operations Thread 35" [_thread_blocked, id=14544, stack(0x0000005e78f00000,0x0000005e79000000)]
  0x0000016ef10acee0 JavaThread "Unconstrained build operations Thread 36" [_thread_blocked, id=24856, stack(0x0000005e79000000,0x0000005e79100000)]
  0x0000016ef10abba0 JavaThread "Unconstrained build operations Thread 37" [_thread_blocked, id=21732, stack(0x0000005e79100000,0x0000005e79200000)]
  0x0000016ef10aebc0 JavaThread "Unconstrained build operations Thread 38" [_thread_blocked, id=13588, stack(0x0000005e79200000,0x0000005e79300000)]
  0x0000016ef10ae6f0 JavaThread "Unconstrained build operations Thread 39" [_thread_blocked, id=20492, stack(0x0000005e79300000,0x0000005e79400000)]
  0x0000016ef10aca10 JavaThread "Unconstrained build operations Thread 40" [_thread_blocked, id=21256, stack(0x0000005e79400000,0x0000005e79500000)]
  0x0000016ef10add50 JavaThread "Unconstrained build operations Thread 41" [_thread_blocked, id=17520, stack(0x0000005e79500000,0x0000005e79600000)]
  0x0000016ef10ae220 JavaThread "Unconstrained build operations Thread 42" [_thread_blocked, id=23180, stack(0x0000005e79600000,0x0000005e79700000)]
  0x0000016ef10ad3b0 JavaThread "Unconstrained build operations Thread 43" [_thread_blocked, id=21724, stack(0x0000005e79700000,0x0000005e79800000)]
  0x0000016ef10ad880 JavaThread "Unconstrained build operations Thread 44" [_thread_blocked, id=17804, stack(0x0000005e79800000,0x0000005e79900000)]
  0x0000016ef10af090 JavaThread "Unconstrained build operations Thread 45" [_thread_blocked, id=25388, stack(0x0000005e79900000,0x0000005e79a00000)]
  0x0000016ef10af560 JavaThread "Unconstrained build operations Thread 46" [_thread_blocked, id=4976, stack(0x0000005e79a00000,0x0000005e79b00000)]
  0x0000016ef10ac070 JavaThread "Unconstrained build operations Thread 47" [_thread_blocked, id=5192, stack(0x0000005e79b00000,0x0000005e79c00000)]
  0x0000016ef10ac540 JavaThread "Unconstrained build operations Thread 48" [_thread_blocked, id=9052, stack(0x0000005e79c00000,0x0000005e79d00000)]
  0x0000016ef6a3e410 JavaThread "Unconstrained build operations Thread 49" [_thread_blocked, id=7396, stack(0x0000005e79d00000,0x0000005e79e00000)]
  0x0000016ef6a3df40 JavaThread "Unconstrained build operations Thread 50" [_thread_blocked, id=9872, stack(0x0000005e79e00000,0x0000005e79f00000)]
  0x0000016ef6a3fc20 JavaThread "Unconstrained build operations Thread 51" [_thread_blocked, id=9516, stack(0x0000005e79f00000,0x0000005e7a000000)]
  0x0000016ef6a3e8e0 JavaThread "Unconstrained build operations Thread 52" [_thread_blocked, id=11060, stack(0x0000005e7a000000,0x0000005e7a100000)]
  0x0000016ef6a3edb0 JavaThread "Unconstrained build operations Thread 53" [_thread_blocked, id=19436, stack(0x0000005e7a100000,0x0000005e7a200000)]
  0x0000016ef6a400f0 JavaThread "Unconstrained build operations Thread 54" [_thread_blocked, id=24600, stack(0x0000005e7a200000,0x0000005e7a300000)]
  0x0000016ef6a3f280 JavaThread "Unconstrained build operations Thread 55" [_thread_blocked, id=728, stack(0x0000005e7a300000,0x0000005e7a400000)]
  0x0000016ef6a3f750 JavaThread "Unconstrained build operations Thread 56" [_thread_blocked, id=20240, stack(0x0000005e7a400000,0x0000005e7a500000)]
  0x0000016ef6a405c0 JavaThread "Unconstrained build operations Thread 57" [_thread_blocked, id=18656, stack(0x0000005e7a500000,0x0000005e7a600000)]
  0x0000016ef6a40a90 JavaThread "Unconstrained build operations Thread 58" [_thread_blocked, id=12132, stack(0x0000005e7a600000,0x0000005e7a700000)]
  0x0000016ef6a40f60 JavaThread "Unconstrained build operations Thread 59" [_thread_blocked, id=6976, stack(0x0000005e7a700000,0x0000005e7a800000)]
  0x0000016ef6a3d5a0 JavaThread "Unconstrained build operations Thread 60" [_thread_blocked, id=17840, stack(0x0000005e7a800000,0x0000005e7a900000)]
  0x0000016ef6a3da70 JavaThread "Unconstrained build operations Thread 61" [_thread_blocked, id=3428, stack(0x0000005e7a900000,0x0000005e7aa00000)]
  0x0000016ef141ea90 JavaThread "Unconstrained build operations Thread 62" [_thread_blocked, id=12576, stack(0x0000005e7aa00000,0x0000005e7ab00000)]
  0x0000016ef141dc20 JavaThread "Unconstrained build operations Thread 63" [_thread_blocked, id=14844, stack(0x0000005e7ab00000,0x0000005e7ac00000)]
  0x0000016ef141e0f0 JavaThread "Unconstrained build operations Thread 64" [_thread_blocked, id=19612, stack(0x0000005e7ac00000,0x0000005e7ad00000)]
  0x0000016ef14198c0 JavaThread "Unconstrained build operations Thread 65" [_thread_blocked, id=18620, stack(0x0000005e7ad00000,0x0000005e7ae00000)]
  0x0000016ef141d750 JavaThread "Unconstrained build operations Thread 66" [_thread_blocked, id=17656, stack(0x0000005e7ae00000,0x0000005e7af00000)]
  0x0000016ef141b5a0 JavaThread "Unconstrained build operations Thread 67" [_thread_blocked, id=3544, stack(0x0000005e7af00000,0x0000005e7b000000)]
  0x0000016ef141e5c0 JavaThread "Unconstrained build operations Thread 68" [_thread_blocked, id=20708, stack(0x0000005e7b000000,0x0000005e7b100000)]
  0x0000016ef141a730 JavaThread "Unconstrained build operations Thread 69" [_thread_blocked, id=13748, stack(0x0000005e7b100000,0x0000005e7b200000)]
  0x0000016ef141ac00 JavaThread "Unconstrained build operations Thread 70" [_thread_blocked, id=25460, stack(0x0000005e7b200000,0x0000005e7b300000)]
  0x0000016ef141ef60 JavaThread "Unconstrained build operations Thread 71" [_thread_blocked, id=17716, stack(0x0000005e7b300000,0x0000005e7b400000)]
  0x0000016ef1419d90 JavaThread "Unconstrained build operations Thread 72" [_thread_blocked, id=22176, stack(0x0000005e7b400000,0x0000005e7b500000)]
  0x0000016ef141f900 JavaThread "Unconstrained build operations Thread 73" [_thread_blocked, id=2552, stack(0x0000005e7b500000,0x0000005e7b600000)]
  0x0000016ef141f430 JavaThread "Unconstrained build operations Thread 74" [_thread_blocked, id=9324, stack(0x0000005e7b600000,0x0000005e7b700000)]
  0x0000016ef141cdb0 JavaThread "Unconstrained build operations Thread 75" [_thread_blocked, id=19244, stack(0x0000005e7b700000,0x0000005e7b800000)]
  0x0000016ef141a260 JavaThread "Unconstrained build operations Thread 76" [_thread_blocked, id=24188, stack(0x0000005e7b800000,0x0000005e7b900000)]
  0x0000016ef1418580 JavaThread "Unconstrained build operations Thread 77" [_thread_blocked, id=20228, stack(0x0000005e7b900000,0x0000005e7ba00000)]
  0x0000016ef1418f20 JavaThread "Unconstrained build operations Thread 78" [_thread_blocked, id=24352, stack(0x0000005e7ba00000,0x0000005e7bb00000)]
  0x0000016ef141d280 JavaThread "Unconstrained build operations Thread 79" [_thread_blocked, id=13700, stack(0x0000005e7bb00000,0x0000005e7bc00000)]
  0x0000016ef141bf40 JavaThread "Unconstrained build operations Thread 80" [_thread_blocked, id=23160, stack(0x0000005e7bc00000,0x0000005e7bd00000)]
  0x0000016ef14180b0 JavaThread "Unconstrained build operations Thread 81" [_thread_blocked, id=668, stack(0x0000005e7bd00000,0x0000005e7be00000)]
  0x0000016ef1418a50 JavaThread "Unconstrained build operations Thread 82" [_thread_blocked, id=24252, stack(0x0000005e7be00000,0x0000005e7bf00000)]
  0x0000016ef14193f0 JavaThread "Unconstrained build operations Thread 83" [_thread_blocked, id=25152, stack(0x0000005e7bf00000,0x0000005e7c000000)]
  0x0000016ef141b0d0 JavaThread "Unconstrained build operations Thread 84" [_thread_blocked, id=22716, stack(0x0000005e7c000000,0x0000005e7c100000)]
  0x0000016ef141c410 JavaThread "Unconstrained build operations Thread 85" [_thread_blocked, id=24676, stack(0x0000005e7c100000,0x0000005e7c200000)]
  0x0000016ef141c8e0 JavaThread "Unconstrained build operations Thread 86" [_thread_blocked, id=25348, stack(0x0000005e7c200000,0x0000005e7c300000)]
  0x0000016ef141ba70 JavaThread "Unconstrained build operations Thread 87" [_thread_blocked, id=20264, stack(0x0000005e7c300000,0x0000005e7c400000)]
  0x0000016ef57fff10 JavaThread "Unconstrained build operations Thread 88" [_thread_blocked, id=25376, stack(0x0000005e7c400000,0x0000005e7c500000)]
  0x0000016ef5804740 JavaThread "Unconstrained build operations Thread 89" [_thread_blocked, id=19992, stack(0x0000005e7c500000,0x0000005e7c600000)]
  0x0000016ef5801250 JavaThread "Unconstrained build operations Thread 90" [_thread_blocked, id=24376, stack(0x0000005e7c600000,0x0000005e7c700000)]
  0x0000016ef58008b0 JavaThread "Unconstrained build operations Thread 91" [_thread_blocked, id=16264, stack(0x0000005e7c700000,0x0000005e7c800000)]
  0x0000016ef58050e0 JavaThread "Unconstrained build operations Thread 92" [_thread_blocked, id=19888, stack(0x0000005e7c800000,0x0000005e7c900000)]
  0x0000016ef5801720 JavaThread "Unconstrained build operations Thread 93" [_thread_blocked, id=21952, stack(0x0000005e7c900000,0x0000005e7ca00000)]
  0x0000016ef5803da0 JavaThread "Unconstrained build operations Thread 94" [_thread_blocked, id=23472, stack(0x0000005e7ca00000,0x0000005e7cb00000)]
  0x0000016ef5803400 JavaThread "Unconstrained build operations Thread 95" [_thread_blocked, id=16360, stack(0x0000005e7cb00000,0x0000005e7cc00000)]
  0x0000016ef5800d80 JavaThread "Unconstrained build operations Thread 96" [_thread_blocked, id=17060, stack(0x0000005e7cc00000,0x0000005e7cd00000)]
  0x0000016ef5804270 JavaThread "Unconstrained build operations Thread 97" [_thread_blocked, id=11336, stack(0x0000005e7cd00000,0x0000005e7ce00000)]
  0x0000016ef5804c10 JavaThread "Unconstrained build operations Thread 98" [_thread_blocked, id=22432, stack(0x0000005e7ce00000,0x0000005e7cf00000)]
  0x0000016ef5802a60 JavaThread "Unconstrained build operations Thread 99" [_thread_blocked, id=7276, stack(0x0000005e7cf00000,0x0000005e7d000000)]
  0x0000016ef5801bf0 JavaThread "Unconstrained build operations Thread 100" [_thread_blocked, id=17920, stack(0x0000005e7d000000,0x0000005e7d100000)]
  0x0000016ef57fd890 JavaThread "Unconstrained build operations Thread 101" [_thread_blocked, id=17872, stack(0x0000005e7d100000,0x0000005e7d200000)]
  0x0000016ef57ff0a0 JavaThread "Unconstrained build operations Thread 102" [_thread_blocked, id=21844, stack(0x0000005e7d200000,0x0000005e7d300000)]
  0x0000016ef58020c0 JavaThread "Unconstrained build operations Thread 103" [_thread_blocked, id=23012, stack(0x0000005e7d300000,0x0000005e7d400000)]
  0x0000016ef57fe700 JavaThread "Unconstrained build operations Thread 104" [_thread_blocked, id=2720, stack(0x0000005e7d400000,0x0000005e7d500000)]
  0x0000016ef58003e0 JavaThread "Unconstrained build operations Thread 105" [_thread_blocked, id=2644, stack(0x0000005e7d500000,0x0000005e7d600000)]
  0x0000016ef5802f30 JavaThread "Unconstrained build operations Thread 106" [_thread_blocked, id=21992, stack(0x0000005e7d600000,0x0000005e7d700000)]
  0x0000016ef57fdd60 JavaThread "Unconstrained build operations Thread 107" [_thread_blocked, id=10696, stack(0x0000005e7d700000,0x0000005e7d800000)]
  0x0000016ef57ff570 JavaThread "Unconstrained build operations Thread 108" [_thread_blocked, id=17496, stack(0x0000005e7d800000,0x0000005e7d900000)]
  0x0000016ef57fe230 JavaThread "Unconstrained build operations Thread 109" [_thread_blocked, id=5032, stack(0x0000005e7d900000,0x0000005e7da00000)]
  0x0000016ef57febd0 JavaThread "Unconstrained build operations Thread 110" [_thread_blocked, id=8948, stack(0x0000005e7da00000,0x0000005e7db00000)]
  0x0000016ef58038d0 JavaThread "Unconstrained build operations Thread 111" [_thread_blocked, id=2456, stack(0x0000005e7db00000,0x0000005e7dc00000)]
  0x0000016ef5802590 JavaThread "Unconstrained build operations Thread 112" [_thread_blocked, id=20256, stack(0x0000005e7dc00000,0x0000005e7dd00000)]
  0x0000016ef57ffa40 JavaThread "Unconstrained build operations Thread 113" [_thread_blocked, id=20608, stack(0x0000005e7dd00000,0x0000005e7de00000)]
  0x0000016ef39a78c0 JavaThread "Unconstrained build operations Thread 114" [_thread_blocked, id=3224, stack(0x0000005e7de00000,0x0000005e7df00000)]
  0x0000016ef39a8260 JavaThread "Unconstrained build operations Thread 115" [_thread_blocked, id=21956, stack(0x0000005e7df00000,0x0000005e7e000000)]
  0x0000016ef39a60b0 JavaThread "Unconstrained build operations Thread 116" [_thread_blocked, id=15592, stack(0x0000005e7e000000,0x0000005e7e100000)]
  0x0000016ef39a6a50 JavaThread "Unconstrained build operations Thread 117" [_thread_blocked, id=8820, stack(0x0000005e7e100000,0x0000005e7e200000)]
  0x0000016ef39a4d70 JavaThread "Unconstrained build operations Thread 118" [_thread_blocked, id=6580, stack(0x0000005e7e200000,0x0000005e7e300000)]
  0x0000016ef39a5be0 JavaThread "Unconstrained build operations Thread 119" [_thread_blocked, id=18712, stack(0x0000005e7e300000,0x0000005e7e400000)]
  0x0000016ef39a6580 JavaThread "Unconstrained build operations Thread 120" [_thread_blocked, id=18800, stack(0x0000005e7e400000,0x0000005e7e500000)]
  0x0000016ef39a9f40 JavaThread "jar transforms Thread 6" [_thread_blocked, id=4380, stack(0x0000005e7e500000,0x0000005e7e600000)]
  0x0000016ef39aadb0 JavaThread "jar transforms Thread 7" [_thread_blocked, id=12616, stack(0x0000005e7e600000,0x0000005e7e700000)]
  0x0000016ef39a3a30 JavaThread "jar transforms Thread 8" [_thread_blocked, id=19240, stack(0x0000005e7e700000,0x0000005e7e800000)]
  0x0000016ef39a5710 JavaThread "jar transforms Thread 9" [_thread_blocked, id=22336, stack(0x0000005e7e800000,0x0000005e7e900000)]
  0x0000016ef39a5240 JavaThread "jar transforms Thread 10" [_thread_blocked, id=13216, stack(0x0000005e7e900000,0x0000005e7ea00000)]
  0x0000016ef39a8c00 JavaThread "jar transforms Thread 11" [_thread_blocked, id=21836, stack(0x0000005e7ea00000,0x0000005e7eb00000)]
  0x0000016ef39a3f00 JavaThread "jar transforms Thread 12" [_thread_blocked, id=4552, stack(0x0000005e7eb00000,0x0000005e7ec00000)]

Other Threads:
=>0x0000016eeccae160 VMThread "VM Thread" [stack: 0x0000005e73700000,0x0000005e73800000] [id=21088]
  0x0000016ece45e2a0 WatcherThread [stack: 0x0000005e74300000,0x0000005e74400000] [id=3952]
  0x0000016ece440420 GCTaskThread "GC Thread#0" [stack: 0x0000005e73200000,0x0000005e73300000] [id=2668]
  0x0000016ef21369e0 GCTaskThread "GC Thread#1" [stack: 0x0000005e74600000,0x0000005e74700000] [id=22224]
  0x0000016ef1c95190 GCTaskThread "GC Thread#2" [stack: 0x0000005e74700000,0x0000005e74800000] [id=24744]
  0x0000016ef2068f80 GCTaskThread "GC Thread#3" [stack: 0x0000005e74800000,0x0000005e74900000] [id=3228]
  0x0000016ef1e46ab0 GCTaskThread "GC Thread#4" [stack: 0x0000005e74900000,0x0000005e74a00000] [id=7256]
  0x0000016ef461ce10 GCTaskThread "GC Thread#5" [stack: 0x0000005e75900000,0x0000005e75a00000] [id=13892]
  0x0000016ef461b890 GCTaskThread "GC Thread#6" [stack: 0x0000005e75a00000,0x0000005e75b00000] [id=5912]
  0x0000016ef461db80 GCTaskThread "GC Thread#7" [stack: 0x0000005e75b00000,0x0000005e75c00000] [id=17300]
  0x0000016ef461a060 GCTaskThread "GC Thread#8" [stack: 0x0000005e75c00000,0x0000005e75d00000] [id=15672]
  0x0000016ef461bdf0 GCTaskThread "GC Thread#9" [stack: 0x0000005e75d00000,0x0000005e75e00000] [id=16668]
  0x0000016ece4513d0 ConcurrentGCThread "G1 Main Marker" [stack: 0x0000005e73300000,0x0000005e73400000] [id=3436]
  0x0000016ece452d00 ConcurrentGCThread "G1 Conc#0" [stack: 0x0000005e73400000,0x0000005e73500000] [id=23328]
  0x0000016ef461b080 ConcurrentGCThread "G1 Conc#1" [stack: 0x0000005e75e00000,0x0000005e75f00000] [id=20484]
  0x0000016ef461c8b0 ConcurrentGCThread "G1 Conc#2" [stack: 0x0000005e75f00000,0x0000005e76000000] [id=23440]
  0x0000016ece4ae4c0 ConcurrentGCThread "G1 Refine#0" [stack: 0x0000005e73500000,0x0000005e73600000] [id=22748]
  0x0000016eecb68190 ConcurrentGCThread "G1 Service" [stack: 0x0000005e73600000,0x0000005e73700000] [id=18588]

Threads with active compile tasks:
C2 CompilerThread0    11232 6887 %     4       java.util.zip.ZipFile$Source::initCEN @ 240 (591 bytes)

VM state: at safepoint (normal execution)

VM Mutex/Monitor currently owned by a thread:  ([mutex/lock_event])
[0x0000016ece3e1090] Threads_lock - owner thread: 0x0000016eeccae160
[0x0000016ece3e1bd0] Heap_lock - owner thread: 0x0000016ece4513d0

Heap address: 0x0000000080000000, size: 2048 MB, Compressed Oops mode: 32-bit

CDS archive(s) mapped at: [0x0000000800000000-0x0000000800bc0000-0x0000000800bc0000), size 12320768, SharedBaseAddress: 0x0000000800000000, ArchiveRelocationMode: 0.
Compressed class space mapped at: 0x0000000801000000-0x0000000841000000, reserved size: 1073741824
Narrow klass base: 0x0000000800000000, Narrow klass shift: 0, Narrow klass range: 0x100000000

GC Precious Log:
 CPUs: 12 total, 12 available
 Memory: 14188M
 Large Page Support: Disabled
 NUMA Support: Disabled
 Compressed Oops: Enabled (32-bit)
 Heap Region Size: 1M
 Heap Min Capacity: 8M
 Heap Initial Capacity: 222M
 Heap Max Capacity: 2G
 Pre-touch: Disabled
 Parallel Workers: 10
 Concurrent Workers: 3
 Concurrent Refinement Workers: 10
 Periodic GC: Disabled

Heap:
 garbage-first heap   total 78848K, used 49428K [0x0000000080000000, 0x0000000100000000)
  region size 1024K, 4 young (4096K), 2 survivors (2048K)
 Metaspace       used 52002K, committed 52544K, reserved 1114112K
  class space    used 7019K, committed 7296K, reserved 1048576K

Heap Regions: E=young(eden), S=young(survivor), O=old, HS=humongous(starts), HC=humongous(continues), CS=collection set, F=free, OA=open archive, CA=closed archive, TAMS=top-at-mark-start (previous, next)
|   0|0x0000000080000000, 0x0000000080100000, 0x0000000080100000|100%|HS|  |TAMS 0x0000000080100000, 0x0000000080000000| Complete 
|   1|0x0000000080100000, 0x0000000080200000, 0x0000000080200000|100%|HC|  |TAMS 0x0000000080200000, 0x0000000080100000| Complete 
|   2|0x0000000080200000, 0x0000000080300000, 0x0000000080300000|100%|HC|  |TAMS 0x0000000080300000, 0x0000000080200000| Complete 
|   3|0x0000000080300000, 0x0000000080400000, 0x0000000080400000|100%|HC|  |TAMS 0x0000000080400000, 0x0000000080300000| Complete 
|   4|0x0000000080400000, 0x0000000080500000, 0x0000000080500000|100%| O|  |TAMS 0x0000000080500000, 0x0000000080400000| Updating 
|   5|0x0000000080500000, 0x0000000080600000, 0x0000000080600000|100%| O|  |TAMS 0x0000000080600000, 0x0000000080500000| Untracked 
|   6|0x0000000080600000, 0x0000000080700000, 0x0000000080700000|100%| O|  |TAMS 0x0000000080700000, 0x0000000080600000| Untracked 
|   7|0x0000000080700000, 0x0000000080800000, 0x0000000080800000|100%| O|  |TAMS 0x0000000080800000, 0x0000000080700000| Untracked 
|   8|0x0000000080800000, 0x0000000080900000, 0x0000000080900000|100%| O|  |TAMS 0x0000000080900000, 0x0000000080800000| Untracked 
|   9|0x0000000080900000, 0x0000000080a00000, 0x0000000080a00000|100%| O|  |TAMS 0x0000000080a00000, 0x0000000080900000| Untracked 
|  10|0x0000000080a00000, 0x0000000080b00000, 0x0000000080b00000|100%| O|  |TAMS 0x0000000080b00000, 0x0000000080a00000| Untracked 
|  11|0x0000000080b00000, 0x0000000080b44000, 0x0000000080c00000| 26%| O|  |TAMS 0x0000000080b44000, 0x0000000080b00000| Updating 
|  12|0x0000000080c00000, 0x0000000080d00000, 0x0000000080d00000|100%| O|  |TAMS 0x0000000080d00000, 0x0000000080c00000| Untracked 
|  13|0x0000000080d00000, 0x0000000080e00000, 0x0000000080e00000|100%| O|  |TAMS 0x0000000080e00000, 0x0000000080d00000| Untracked 
|  14|0x0000000080e00000, 0x0000000080f00000, 0x0000000080f00000|100%| O|  |TAMS 0x0000000080f00000, 0x0000000080e00000| Untracked 
|  15|0x0000000080f00000, 0x0000000081000000, 0x0000000081000000|100%| O|  |TAMS 0x0000000081000000, 0x0000000080f00000| Updating 
|  16|0x0000000081000000, 0x0000000081100000, 0x0000000081100000|100%| O|  |TAMS 0x0000000081100000, 0x0000000081000000| Untracked 
|  17|0x0000000081100000, 0x0000000081200000, 0x0000000081200000|100%| O|  |TAMS 0x0000000081200000, 0x0000000081100000| Untracked 
|  18|0x0000000081200000, 0x0000000081300000, 0x0000000081300000|100%| O|  |TAMS 0x0000000081300000, 0x0000000081200000| Untracked 
|  19|0x0000000081300000, 0x0000000081400000, 0x0000000081400000|100%| O|  |TAMS 0x0000000081400000, 0x0000000081300000| Untracked 
|  20|0x0000000081400000, 0x0000000081500000, 0x0000000081500000|100%| O|  |TAMS 0x0000000081500000, 0x0000000081400000| Untracked 
|  21|0x0000000081500000, 0x0000000081600000, 0x0000000081600000|100%| O|  |TAMS 0x0000000081600000, 0x0000000081500000| Untracked 
|  22|0x0000000081600000, 0x0000000081700000, 0x0000000081700000|100%| O|  |TAMS 0x0000000081700000, 0x0000000081600000| Untracked 
|  23|0x0000000081700000, 0x0000000081800000, 0x0000000081800000|100%| O|  |TAMS 0x0000000081800000, 0x0000000081700000| Untracked 
|  24|0x0000000081800000, 0x0000000081900000, 0x0000000081900000|100%| O|  |TAMS 0x0000000081900000, 0x0000000081800000| Untracked 
|  25|0x0000000081900000, 0x0000000081a00000, 0x0000000081a00000|100%| O|  |TAMS 0x0000000081a00000, 0x0000000081900000| Untracked 
|  26|0x0000000081a00000, 0x0000000081b00000, 0x0000000081b00000|100%| O|  |TAMS 0x0000000081b00000, 0x0000000081a00000| Untracked 
|  27|0x0000000081b00000, 0x0000000081c00000, 0x0000000081c00000|100%| O|  |TAMS 0x0000000081c00000, 0x0000000081b00000| Untracked 
|  28|0x0000000081c00000, 0x0000000081d00000, 0x0000000081d00000|100%| O|  |TAMS 0x0000000081d00000, 0x0000000081c00000| Untracked 
|  29|0x0000000081d00000, 0x0000000081e00000, 0x0000000081e00000|100%| O|  |TAMS 0x0000000081e00000, 0x0000000081d00000| Untracked 
|  30|0x0000000081e00000, 0x0000000081f00000, 0x0000000081f00000|100%| O|  |TAMS 0x0000000081f00000, 0x0000000081e00000| Untracked 
|  31|0x0000000081f00000, 0x0000000082000000, 0x0000000082000000|100%| O|  |TAMS 0x0000000082000000, 0x0000000081f00000| Untracked 
|  32|0x0000000082000000, 0x0000000082100000, 0x0000000082100000|100%| O|  |TAMS 0x0000000082100000, 0x0000000082000000| Updating 
|  33|0x0000000082100000, 0x0000000082200000, 0x0000000082200000|100%| O|  |TAMS 0x0000000082200000, 0x0000000082100000| Untracked 
|  34|0x0000000082200000, 0x0000000082300000, 0x0000000082300000|100%| O|  |TAMS 0x0000000082300000, 0x0000000082200000| Updating 
|  35|0x0000000082300000, 0x0000000082400000, 0x0000000082400000|100%| O|  |TAMS 0x0000000082400000, 0x0000000082300000| Untracked 
|  36|0x0000000082400000, 0x0000000082500000, 0x0000000082500000|100%| O|  |TAMS 0x0000000082500000, 0x0000000082400000| Updating 
|  37|0x0000000082500000, 0x0000000082600000, 0x0000000082600000|100%| O|  |TAMS 0x0000000082600000, 0x0000000082500000| Updating 
|  38|0x0000000082600000, 0x0000000082700000, 0x0000000082700000|100%| O|  |TAMS 0x0000000082700000, 0x0000000082600000| Untracked 
|  39|0x0000000082700000, 0x0000000082800000, 0x0000000082800000|100%| O|  |TAMS 0x0000000082800000, 0x0000000082700000| Untracked 
|  40|0x0000000082800000, 0x0000000082900000, 0x0000000082900000|100%| O|  |TAMS 0x00000000828b3400, 0x0000000082800000| Updating 
|  41|0x0000000082900000, 0x0000000082a00000, 0x0000000082a00000|100%|HS|  |TAMS 0x0000000082a00000, 0x0000000082900000| Complete 
|  42|0x0000000082a00000, 0x0000000082b00000, 0x0000000082b00000|100%| O|  |TAMS 0x0000000082a00000, 0x0000000082a00000| Untracked 
|  43|0x0000000082b00000, 0x0000000082b78e00, 0x0000000082c00000| 47%| O|  |TAMS 0x0000000082b00000, 0x0000000082b00000| Updating 
|  44|0x0000000082c00000, 0x0000000082d00000, 0x0000000082d00000|100%|HS|  |TAMS 0x0000000082c00000, 0x0000000082c00000| Complete 
|  45|0x0000000082d00000, 0x0000000082e00000, 0x0000000082e00000|100%|HC|  |TAMS 0x0000000082d00000, 0x0000000082d00000| Complete 
|  46|0x0000000082e00000, 0x0000000082f00000, 0x0000000082f00000|100%|HS|  |TAMS 0x0000000082e00000, 0x0000000082e00000| Complete 
|  47|0x0000000082f00000, 0x0000000082f00000, 0x0000000083000000|  0%| F|  |TAMS 0x0000000082f00000, 0x0000000082f00000| Untracked 
|  48|0x0000000083000000, 0x0000000083000000, 0x0000000083100000|  0%| F|  |TAMS 0x0000000083000000, 0x0000000083000000| Untracked 
|  49|0x0000000083100000, 0x0000000083100000, 0x0000000083200000|  0%| F|  |TAMS 0x0000000083100000, 0x0000000083100000| Untracked 
|  50|0x0000000083200000, 0x0000000083200000, 0x0000000083300000|  0%| F|  |TAMS 0x0000000083200000, 0x0000000083200000| Untracked 
|  51|0x0000000083300000, 0x0000000083300000, 0x0000000083400000|  0%| F|  |TAMS 0x0000000083300000, 0x0000000083300000| Untracked 
|  52|0x0000000083400000, 0x0000000083400000, 0x0000000083500000|  0%| F|  |TAMS 0x0000000083400000, 0x0000000083400000| Untracked 
|  53|0x0000000083500000, 0x0000000083500000, 0x0000000083600000|  0%| F|  |TAMS 0x0000000083500000, 0x0000000083500000| Untracked 
|  54|0x0000000083600000, 0x0000000083600000, 0x0000000083700000|  0%| F|  |TAMS 0x0000000083600000, 0x0000000083600000| Untracked 
|  55|0x0000000083700000, 0x0000000083700000, 0x0000000083800000|  0%| F|  |TAMS 0x0000000083700000, 0x0000000083700000| Untracked 
|  56|0x0000000083800000, 0x0000000083800000, 0x0000000083900000|  0%| F|  |TAMS 0x0000000083800000, 0x0000000083800000| Untracked 
|  57|0x0000000083900000, 0x0000000083900000, 0x0000000083a00000|  0%| F|  |TAMS 0x0000000083900000, 0x0000000083900000| Untracked 
|  58|0x0000000083a00000, 0x0000000083a00000, 0x0000000083b00000|  0%| F|  |TAMS 0x0000000083a00000, 0x0000000083a00000| Untracked 
|  59|0x0000000083b00000, 0x0000000083b00000, 0x0000000083c00000|  0%| F|  |TAMS 0x0000000083b00000, 0x0000000083b00000| Untracked 
|  60|0x0000000083c00000, 0x0000000083c00000, 0x0000000083d00000|  0%| F|  |TAMS 0x0000000083c00000, 0x0000000083c00000| Untracked 
|  61|0x0000000083d00000, 0x0000000083d00000, 0x0000000083e00000|  0%| F|  |TAMS 0x0000000083d00000, 0x0000000083d00000| Untracked 
|  62|0x0000000083e00000, 0x0000000083e00000, 0x0000000083f00000|  0%| F|  |TAMS 0x0000000083e00000, 0x0000000083e00000| Untracked 
|  63|0x0000000083f00000, 0x0000000083f00000, 0x0000000084000000|  0%| F|  |TAMS 0x0000000083f00000, 0x0000000083f00000| Untracked 
|  64|0x0000000084000000, 0x0000000084000000, 0x0000000084100000|  0%| F|  |TAMS 0x0000000084000000, 0x0000000084000000| Untracked 
| 115|0x0000000087300000, 0x0000000087300000, 0x0000000087400000|  0%| F|  |TAMS 0x0000000087300000, 0x0000000087300000| Untracked 
| 116|0x0000000087400000, 0x0000000087400000, 0x0000000087500000|  0%| F|  |TAMS 0x0000000087400000, 0x0000000087400000| Untracked 
| 117|0x0000000087500000, 0x0000000087500000, 0x0000000087600000|  0%| F|  |TAMS 0x0000000087500000, 0x0000000087500000| Untracked 
| 118|0x0000000087600000, 0x0000000087600000, 0x0000000087700000|  0%| F|  |TAMS 0x0000000087600000, 0x0000000087600000| Untracked 
| 119|0x0000000087700000, 0x0000000087700000, 0x0000000087800000|  0%| F|  |TAMS 0x0000000087700000, 0x0000000087700000| Untracked 
| 120|0x0000000087800000, 0x0000000087800000, 0x0000000087900000|  0%| F|  |TAMS 0x0000000087800000, 0x0000000087800000| Untracked 
| 121|0x0000000087900000, 0x0000000087900000, 0x0000000087a00000|  0%| F|  |TAMS 0x0000000087900000, 0x0000000087900000| Untracked 
| 122|0x0000000087a00000, 0x0000000087a00000, 0x0000000087b00000|  0%| F|  |TAMS 0x0000000087a00000, 0x0000000087a00000| Untracked 
| 123|0x0000000087b00000, 0x0000000087b882a8, 0x0000000087c00000| 53%| S|CS|TAMS 0x0000000087b00000, 0x0000000087b00000| Complete 
| 124|0x0000000087c00000, 0x0000000087d00000, 0x0000000087d00000|100%| S|CS|TAMS 0x0000000087c00000, 0x0000000087c00000| Complete 
| 125|0x0000000087d00000, 0x0000000087d299a0, 0x0000000087e00000| 16%| E|  |TAMS 0x0000000087d00000, 0x0000000087d00000| Complete 
| 221|0x000000008dd00000, 0x000000008de00000, 0x000000008de00000|100%| E|CS|TAMS 0x000000008dd00000, 0x000000008dd00000| Complete 

Card table byte_map: [0x0000016ee5850000,0x0000016ee5c50000] _byte_map_base: 0x0000016ee5450000

Marking Bits (Prev, Next): (CMBitMap*) 0x0000016ece440940, (CMBitMap*) 0x0000016ece440980
 Prev Bits: [0x0000016ee6050000, 0x0000016ee8050000)
 Next Bits: [0x0000016ee8050000, 0x0000016eea050000)

Polling page: 0x0000016ecdbb0000

Metaspace:

Usage:
  Non-class:     43.93 MB used.
      Class:      6.85 MB used.
       Both:     50.78 MB used.

Virtual space:
  Non-class space:       64.00 MB reserved,      44.19 MB ( 69%) committed,  1 nodes.
      Class space:        1.00 GB reserved,       7.13 MB ( <1%) committed,  1 nodes.
             Both:        1.06 GB reserved,      51.31 MB (  5%) committed. 

Chunk freelists:
   Non-Class:  3.72 MB
       Class:  8.91 MB
        Both:  12.63 MB

MaxMetaspaceSize: unlimited
CompressedClassSpaceSize: 1.00 GB
Initial GC threshold: 21.00 MB
Current GC threshold: 85.56 MB
CDS: on
MetaspaceReclaimPolicy: balanced
 - commit_granule_bytes: 65536.
 - commit_granule_words: 8192.
 - virtual_space_node_default_size: 8388608.
 - enlarge_chunks_in_place: 1.
 - new_chunks_are_fully_committed: 0.
 - uncommit_free_chunks: 1.
 - use_allocation_guard: 0.
 - handle_deallocations: 1.


Internal statistics:

num_allocs_failed_limit: 9.
num_arena_births: 512.
num_arena_deaths: 0.
num_vsnodes_births: 2.
num_vsnodes_deaths: 0.
num_space_committed: 821.
num_space_uncommitted: 0.
num_chunks_returned_to_freelist: 9.
num_chunks_taken_from_freelist: 2376.
num_chunk_merges: 9.
num_chunk_splits: 1567.
num_chunks_enlarged: 1045.
num_inconsistent_stats: 0.

CodeHeap 'non-profiled nmethods': size=120000Kb used=2889Kb max_used=3237Kb free=117110Kb
 bounds [0x0000016edd9c0000, 0x0000016eddcf0000, 0x0000016ee4ef0000]
CodeHeap 'profiled nmethods': size=120000Kb used=11478Kb max_used=11896Kb free=108521Kb
 bounds [0x0000016ed5ef0000, 0x0000016ed6aa0000, 0x0000016edd420000]
CodeHeap 'non-nmethods': size=5760Kb used=2366Kb max_used=2410Kb free=3393Kb
 bounds [0x0000016edd420000, 0x0000016edd690000, 0x0000016edd9c0000]
 total_blobs=6944 nmethods=6059 adapters=797
 compilation: enabled
              stopped_count=0, restarted_count=0
 full_count=0

Compilation events (20 events):
Event: 11.089 Thread 0x0000016eeccdc200 6881   !   3       java.lang.ClassValue::initializeMap (46 bytes)
Event: 11.089 Thread 0x0000016eeccdc200 nmethod 6881 0x0000016ed5f52710 code [0x0000016ed5f52900, 0x0000016ed5f52d78]
Event: 11.092 Thread 0x0000016eeccdc200 6883       3       java.util.TimSort::sort (229 bytes)
Event: 11.092 Thread 0x0000016eeccdc200 nmethod 6883 0x0000016ed5f51a10 code [0x0000016ed5f51c60, 0x0000016ed5f52378]
Event: 11.111 Thread 0x0000016eeccdc200 6884 %     3       java.util.zip.ZipFile$Source::initCEN @ 240 (591 bytes)
Event: 11.119 Thread 0x0000016eeccdc200 nmethod 6884% 0x0000016ed5fe4510 code [0x0000016ed5fe4a60, 0x0000016ed5fe7db8]
Event: 11.139 Thread 0x0000016eeccdc200 6885       3       java.util.zip.ZipFile$Source::initCEN (591 bytes)
Event: 11.141 Thread 0x0000016eeccdc200 nmethod 6885 0x0000016ed5faa690 code [0x0000016ed5faabc0, 0x0000016ed5fadd78]
Event: 11.143 Thread 0x0000016eeccd34c0 nmethod 6869 0x0000016edda4be10 code [0x0000016edda4c0e0, 0x0000016edda4f9d0]
Event: 11.143 Thread 0x0000016eeccd34c0 6880       4       java.lang.reflect.Method::getAnnotation (6 bytes)
Event: 11.147 Thread 0x0000016eeccdc200 6886       3       java.util.zip.ZipFile$Source$Key::hashCode (46 bytes)
Event: 11.147 Thread 0x0000016eeccdc200 nmethod 6886 0x0000016ed5f51210 code [0x0000016ed5f51400, 0x0000016ed5f51818]
Event: 11.152 Thread 0x0000016eeccd34c0 nmethod 6880 0x0000016edda4af90 code [0x0000016edda4b140, 0x0000016edda4ba18]
Event: 11.153 Thread 0x0000016eeccd34c0 6872       4       org.codehaus.groovy.util.SingleKeyHashMap::getOrPut (137 bytes)
Event: 11.159 Thread 0x0000016eeccd34c0 nmethod 6872 0x0000016eddb2cc90 code [0x0000016eddb2ce40, 0x0000016eddb2d468]
Event: 11.159 Thread 0x0000016eeccd34c0 6882       4       java.util.LinkedList::add (7 bytes)
Event: 11.162 Thread 0x0000016eeccd34c0 nmethod 6882 0x0000016edda4a790 code [0x0000016edda4a920, 0x0000016edda4ac98]
Event: 11.178 Thread 0x0000016eeccd34c0 6887 %     4       java.util.zip.ZipFile$Source::initCEN @ 240 (591 bytes)
Event: 11.191 Thread 0x0000016eeccdc200 6889   !   3       java.net.URL::getURLStreamHandler (191 bytes)
Event: 11.192 Thread 0x0000016eeccdc200 nmethod 6889 0x0000016ed5f79710 code [0x0000016ed5f799c0, 0x0000016ed5f7a838]

GC Heap History (20 events):
Event: 4.086 GC heap before
{Heap before GC invocations=5 (full 0):
 garbage-first heap   total 78848K, used 55690K [0x0000000080000000, 0x0000000100000000)
  region size 1024K, 34 young (34816K), 3 survivors (3072K)
 Metaspace       used 33274K, committed 33664K, reserved 1114112K
  class space    used 4639K, committed 4800K, reserved 1048576K
}
Event: 4.090 GC heap after
{Heap after GC invocations=6 (full 0):
 garbage-first heap   total 78848K, used 26695K [0x0000000080000000, 0x0000000100000000)
  region size 1024K, 5 young (5120K), 5 survivors (5120K)
 Metaspace       used 33274K, committed 33664K, reserved 1114112K
  class space    used 4639K, committed 4800K, reserved 1048576K
}
Event: 4.454 GC heap before
{Heap before GC invocations=6 (full 0):
 garbage-first heap   total 78848K, used 56391K [0x0000000080000000, 0x0000000100000000)
  region size 1024K, 35 young (35840K), 5 survivors (5120K)
 Metaspace       used 35343K, committed 35776K, reserved 1114112K
  class space    used 4852K, committed 5056K, reserved 1048576K
}
Event: 4.458 GC heap after
{Heap after GC invocations=7 (full 0):
 garbage-first heap   total 78848K, used 30390K [0x0000000080000000, 0x0000000100000000)
  region size 1024K, 4 young (4096K), 4 survivors (4096K)
 Metaspace       used 35343K, committed 35776K, reserved 1114112K
  class space    used 4852K, committed 5056K, reserved 1048576K
}
Event: 4.466 GC heap before
{Heap before GC invocations=7 (full 0):
 garbage-first heap   total 78848K, used 33462K [0x0000000080000000, 0x0000000100000000)
  region size 1024K, 5 young (5120K), 4 survivors (4096K)
 Metaspace       used 35586K, committed 35968K, reserved 1114112K
  class space    used 4852K, committed 5056K, reserved 1048576K
}
Event: 4.467 GC heap after
{Heap after GC invocations=8 (full 0):
 garbage-first heap   total 78848K, used 31848K [0x0000000080000000, 0x0000000100000000)
  region size 1024K, 1 young (1024K), 1 survivors (1024K)
 Metaspace       used 35586K, committed 35968K, reserved 1114112K
  class space    used 4852K, committed 5056K, reserved 1048576K
}
Event: 5.206 GC heap before
{Heap before GC invocations=9 (full 0):
 garbage-first heap   total 78848K, used 59496K [0x0000000080000000, 0x0000000100000000)
  region size 1024K, 28 young (28672K), 1 survivors (1024K)
 Metaspace       used 38010K, committed 38400K, reserved 1114112K
  class space    used 5175K, committed 5376K, reserved 1048576K
}
Event: 5.208 GC heap after
{Heap after GC invocations=10 (full 0):
 garbage-first heap   total 78848K, used 32430K [0x0000000080000000, 0x0000000100000000)
  region size 1024K, 3 young (3072K), 3 survivors (3072K)
 Metaspace       used 38010K, committed 38400K, reserved 1114112K
  class space    used 5175K, committed 5376K, reserved 1048576K
}
Event: 5.714 GC heap before
{Heap before GC invocations=11 (full 0):
 garbage-first heap   total 78848K, used 60078K [0x0000000080000000, 0x0000000100000000)
  region size 1024K, 30 young (30720K), 3 survivors (3072K)
 Metaspace       used 41111K, committed 41472K, reserved 1114112K
  class space    used 5673K, committed 5824K, reserved 1048576K
}
Event: 5.717 GC heap after
{Heap after GC invocations=12 (full 0):
 garbage-first heap   total 78848K, used 34609K [0x0000000080000000, 0x0000000100000000)
  region size 1024K, 3 young (3072K), 3 survivors (3072K)
 Metaspace       used 41111K, committed 41472K, reserved 1114112K
  class space    used 5673K, committed 5824K, reserved 1048576K
}
Event: 6.331 GC heap before
{Heap before GC invocations=12 (full 0):
 garbage-first heap   total 78848K, used 60209K [0x0000000080000000, 0x0000000100000000)
  region size 1024K, 28 young (28672K), 3 survivors (3072K)
 Metaspace       used 43905K, committed 44416K, reserved 1114112K
  class space    used 6074K, committed 6336K, reserved 1048576K
}
Event: 6.335 GC heap after
{Heap after GC invocations=13 (full 0):
 garbage-first heap   total 78848K, used 35783K [0x0000000080000000, 0x0000000100000000)
  region size 1024K, 4 young (4096K), 4 survivors (4096K)
 Metaspace       used 43905K, committed 44416K, reserved 1114112K
  class space    used 6074K, committed 6336K, reserved 1048576K
}
Event: 7.113 GC heap before
{Heap before GC invocations=13 (full 0):
 garbage-first heap   total 78848K, used 61383K [0x0000000080000000, 0x0000000100000000)
  region size 1024K, 29 young (29696K), 4 survivors (4096K)
 Metaspace       used 46573K, committed 47040K, reserved 1114112K
  class space    used 6323K, committed 6528K, reserved 1048576K
}
Event: 7.117 GC heap after
{Heap after GC invocations=14 (full 0):
 garbage-first heap   total 78848K, used 38088K [0x0000000080000000, 0x0000000100000000)
  region size 1024K, 4 young (4096K), 4 survivors (4096K)
 Metaspace       used 46573K, committed 47040K, reserved 1114112K
  class space    used 6323K, committed 6528K, reserved 1048576K
}
Event: 10.209 GC heap before
{Heap before GC invocations=14 (full 0):
 garbage-first heap   total 78848K, used 60616K [0x0000000080000000, 0x0000000100000000)
  region size 1024K, 27 young (27648K), 4 survivors (4096K)
 Metaspace       used 51463K, committed 51968K, reserved 1114112K
  class space    used 6961K, committed 7232K, reserved 1048576K
}
Event: 10.214 GC heap after
{Heap after GC invocations=15 (full 0):
 garbage-first heap   total 78848K, used 41229K [0x0000000080000000, 0x0000000100000000)
  region size 1024K, 4 young (4096K), 4 survivors (4096K)
 Metaspace       used 51463K, committed 51968K, reserved 1114112K
  class space    used 6961K, committed 7232K, reserved 1048576K
}
Event: 11.103 GC heap before
{Heap before GC invocations=16 (full 0):
 garbage-first heap   total 78848K, used 59661K [0x0000000080000000, 0x0000000100000000)
  region size 1024K, 24 young (24576K), 4 survivors (4096K)
 Metaspace       used 52002K, committed 52544K, reserved 1114112K
  class space    used 7019K, committed 7296K, reserved 1048576K
}
Event: 11.107 GC heap after
{Heap after GC invocations=17 (full 0):
 garbage-first heap   total 78848K, used 42689K [0x0000000080000000, 0x0000000100000000)
  region size 1024K, 2 young (2048K), 2 survivors (2048K)
 Metaspace       used 52002K, committed 52544K, reserved 1114112K
  class space    used 7019K, committed 7296K, reserved 1048576K
}
Event: 11.173 GC heap before
{Heap before GC invocations=18 (full 0):
 garbage-first heap   total 78848K, used 44737K [0x0000000080000000, 0x0000000100000000)
  region size 1024K, 4 young (4096K), 2 survivors (2048K)
 Metaspace       used 52002K, committed 52544K, reserved 1114112K
  class space    used 7019K, committed 7296K, reserved 1048576K
}
Event: 11.175 GC heap after
{Heap after GC invocations=19 (full 0):
 garbage-first heap   total 78848K, used 45332K [0x0000000080000000, 0x0000000100000000)
  region size 1024K, 2 young (2048K), 2 survivors (2048K)
 Metaspace       used 52002K, committed 52544K, reserved 1114112K
  class space    used 7019K, committed 7296K, reserved 1048576K
}

Dll operation events (12 events):
Event: 0.008 Loaded shared library C:\Users\vorte\.jdks\corretto-17.0.7\bin\java.dll
Event: 0.017 Loaded shared library C:\Users\vorte\.jdks\corretto-17.0.7\bin\jsvml.dll
Event: 0.067 Loaded shared library C:\Users\vorte\.jdks\corretto-17.0.7\bin\net.dll
Event: 0.069 Loaded shared library C:\Users\vorte\.jdks\corretto-17.0.7\bin\nio.dll
Event: 0.074 Loaded shared library C:\Users\vorte\.jdks\corretto-17.0.7\bin\zip.dll
Event: 0.278 Loaded shared library C:\Users\vorte\.jdks\corretto-17.0.7\bin\jimage.dll
Event: 0.338 Loaded shared library C:\Users\vorte\.jdks\corretto-17.0.7\bin\verify.dll
Event: 0.499 Loaded shared library C:\Users\vorte\.gradle\native\68d5fa5c4cc2d200863cafc0d521ce42e7d3e7ee720ec0a83991735586a16f82\windows-amd64\native-platform.dll
Event: 0.504 Loaded shared library C:\Users\vorte\.gradle\native\e376f236ea51e6404a007f0833ffe2c6e607c4080706a723a18a27aeea778392\windows-amd64\native-platform-file-events.dll
Event: 1.174 Loaded shared library C:\Users\vorte\.jdks\corretto-17.0.7\bin\management.dll
Event: 1.178 Loaded shared library C:\Users\vorte\.jdks\corretto-17.0.7\bin\management_ext.dll
Event: 1.603 Loaded shared library C:\Users\vorte\.jdks\corretto-17.0.7\bin\sunmscapi.dll

Deoptimization events (20 events):
Event: 10.409 Thread 0x0000016ef39a4d70 DEOPT PACKING pc=0x0000016ed60155d3 sp=0x0000005e7e2fe0d0
Event: 10.409 Thread 0x0000016ef39a4d70 DEOPT UNPACKING pc=0x0000016edd477143 sp=0x0000005e7e2fd5e0 mode 0
Event: 10.511 Thread 0x0000016ef10ae6f0 DEOPT PACKING pc=0x0000016ed62e2fdc sp=0x0000005e793fdbb0
Event: 10.511 Thread 0x0000016ef10ae6f0 DEOPT UNPACKING pc=0x0000016edd477143 sp=0x0000005e793fd130 mode 0
Event: 10.630 Thread 0x0000016ef141e5c0 DEOPT PACKING pc=0x0000016ed62e2fdc sp=0x0000005e7b0fdd50
Event: 10.630 Thread 0x0000016ef141e5c0 DEOPT UNPACKING pc=0x0000016edd477143 sp=0x0000005e7b0fd2d0 mode 0
Event: 10.666 Thread 0x0000016ef50d6ae0 DEOPT PACKING pc=0x0000016ed62e2fdc sp=0x0000005e78dfd4b0
Event: 10.666 Thread 0x0000016ef50d6ae0 DEOPT UNPACKING pc=0x0000016edd477143 sp=0x0000005e78dfca30 mode 0
Event: 10.786 Thread 0x0000016ef39a8c00 DEOPT PACKING pc=0x0000016ed62e2fdc sp=0x0000005e7eafe840
Event: 10.786 Thread 0x0000016ef39a8c00 DEOPT UNPACKING pc=0x0000016edd477143 sp=0x0000005e7eafddc0 mode 0
Event: 10.791 Thread 0x0000016ef3247000 DEOPT PACKING pc=0x0000016ed67845c3 sp=0x0000005e754fe8d0
Event: 10.791 Thread 0x0000016ef3247000 DEOPT UNPACKING pc=0x0000016edd477143 sp=0x0000005e754fdd58 mode 0
Event: 11.007 Thread 0x0000016ef2f98bb0 Uncommon trap: trap_request=0xffffff45 fr.pc=0x0000016eddb06620 relative=0x00000000000006e0
Event: 11.007 Thread 0x0000016ef2f98bb0 Uncommon trap: reason=unstable_if action=reinterpret pc=0x0000016eddb06620 method=java.lang.Class.getPackageName()Ljava/lang/String; @ 55 c2
Event: 11.007 Thread 0x0000016ef2f98bb0 DEOPT PACKING pc=0x0000016eddb06620 sp=0x0000005e750f9300
Event: 11.007 Thread 0x0000016ef2f98bb0 DEOPT UNPACKING pc=0x0000016edd4769a3 sp=0x0000005e750f92c0 mode 2
Event: 11.132 Thread 0x0000016ef2f98bb0 Uncommon trap: trap_request=0xffffff45 fr.pc=0x0000016eddb47b94 relative=0x0000000000001834
Event: 11.132 Thread 0x0000016ef2f98bb0 Uncommon trap: reason=unstable_if action=reinterpret pc=0x0000016eddb47b94 method=java.util.zip.ZipFile.getInputStream(Ljava/util/zip/ZipEntry;)Ljava/io/InputStream; @ 101 c2
Event: 11.132 Thread 0x0000016ef2f98bb0 DEOPT PACKING pc=0x0000016eddb47b94 sp=0x0000005e750f5810
Event: 11.132 Thread 0x0000016ef2f98bb0 DEOPT UNPACKING pc=0x0000016edd4769a3 sp=0x0000005e750f57c8 mode 2

Classes unloaded (0 events):
No events

Classes redefined (0 events):
No events

Internal exceptions (20 events):
Event: 5.933 Thread 0x0000016ef2f98bb0 Exception <a 'java/lang/NoSuchMethodError'{0x0000000083ed9868}: 'java.lang.Object java.lang.invoke.DirectMethodHandle$Holder.newInvokeSpecial(java.lang.Object, java.lang.Object, java.lang.Object, java.lang.Object, java.lang.Object, int)'> (0x0000000083ed9868) 
thrown [s\src\hotspot\share\interpreter\linkResolver.cpp, line 759]
Event: 5.934 Thread 0x0000016ef2f98bb0 Exception <a 'java/lang/NoSuchMethodError'{0x0000000083edeec0}: 'java.lang.Object java.lang.invoke.DirectMethodHandle$Holder.invokeSpecial(java.lang.Object, java.lang.Object, java.lang.Object, java.lang.Object, java.lang.Object, java.lang.Object, int)'> (0x0000000083edeec0) 
thrown [s\src\hotspot\share\interpreter\linkResolver.cpp, line 759]
Event: 5.955 Thread 0x0000016ef2f98bb0 Exception <a 'java/lang/NoSuchMethodError'{0x0000000083db8710}: 'void java.lang.invoke.DirectMethodHandle$Holder.invokeStatic(java.lang.Object, java.lang.Object, java.lang.Object, int, java.lang.Object)'> (0x0000000083db8710) 
thrown [s\src\hotspot\share\interpreter\linkResolver.cpp, line 759]
Event: 6.059 Thread 0x0000016ef2f98bb0 Exception <a 'java/lang/NoSuchMethodError'{0x0000000083a561d0}: 'java.lang.Object java.lang.invoke.DelegatingMethodHandle$Holder.reinvoke_L(java.lang.Object, java.lang.Object, java.lang.Object, java.lang.Object, java.lang.Object, java.lang.Object, java.lang.Object, java.lang.Object, java.lang.Object, java.lang.Object, java.lang.Object, java.lang.Object, java.lang.Object, java.lang.Object, java.lang.Object, java.lang.Object, java.lang.Object, java.lang.Object, java.lang.Object, java.lang.Object, java.lang.O
Event: 6.060 Thread 0x0000016ef2f98bb0 Exception <a 'java/lang/NoSuchMethodError'{0x0000000083a61ef0}: 'java.lang.Object java.lang.invoke.Invokers$Holder.invoker(java.lang.Object, java.lang.Object, java.lang.Object, java.lang.Object, java.lang.Object, java.lang.Object, java.lang.Object, java.lang.Object, java.lang.Object, java.lang.Object, java.lang.Object, java.lang.Object, java.lang.Object, java.lang.Object, java.lang.Object, java.lang.Object, java.lang.Object, java.lang.Object, java.lang.Object, java.lang.Object, java.lang.Object)'> (0x00000
Event: 6.060 Thread 0x0000016ef2f98bb0 Exception <a 'java/lang/NoSuchMethodError'{0x0000000083a68e78}: 'java.lang.Object java.lang.invoke.DelegatingMethodHandle$Holder.delegate(java.lang.Object, java.lang.Object, java.lang.Object, java.lang.Object, java.lang.Object, java.lang.Object, java.lang.Object, java.lang.Object, java.lang.Object, java.lang.Object, java.lang.Object, java.lang.Object, java.lang.Object, java.lang.Object, java.lang.Object, java.lang.Object, java.lang.Object, java.lang.Object, java.lang.Object, java.lang.Object, java.lang.Obj
Event: 6.066 Thread 0x0000016ef2f98bb0 Exception <a 'java/lang/NoSuchMethodError'{0x0000000083af1ca8}: 'java.lang.Object java.lang.invoke.DirectMethodHandle$Holder.invokeStatic(java.lang.Object, java.lang.Object, java.lang.Object, java.lang.Object, java.lang.Object, java.lang.Object, java.lang.Object, java.lang.Object, java.lang.Object, java.lang.Object, java.lang.Object, java.lang.Object, java.lang.Object, java.lang.Object, java.lang.Object, java.lang.Object, java.lang.Object)'> (0x0000000083af1ca8) 
thrown [s\src\hotspot\share\interpreter\lin
Event: 6.068 Thread 0x0000016ef2f98bb0 Exception <a 'java/lang/NoSuchMethodError'{0x000000008391a308}: 'java.lang.Object java.lang.invoke.DirectMethodHandle$Holder.invokeStatic(java.lang.Object, java.lang.Object, java.lang.Object, java.lang.Object, java.lang.Object, java.lang.Object, java.lang.Object, java.lang.Object, java.lang.Object, java.lang.Object, java.lang.Object, java.lang.Object, java.lang.Object, java.lang.Object, java.lang.Object, java.lang.Object, java.lang.Object, java.lang.Object)'> (0x000000008391a308) 
thrown [s\src\hotspot\sha
Event: 6.072 Thread 0x0000016ef2f98bb0 Exception <a 'java/lang/NoSuchMethodError'{0x0000000083942f00}: 'java.lang.Object java.lang.invoke.DirectMethodHandle$Holder.invokeStatic(java.lang.Object, java.lang.Object, java.lang.Object, java.lang.Object, java.lang.Object, java.lang.Object, java.lang.Object, java.lang.Object, java.lang.Object, java.lang.Object, java.lang.Object, java.lang.Object, java.lang.Object, java.lang.Object, java.lang.Object, java.lang.Object, java.lang.Object, java.lang.Object, java.lang.Object)'> (0x0000000083942f00) 
thrown 
Event: 6.074 Thread 0x0000016ef2f98bb0 Exception <a 'java/lang/NoSuchMethodError'{0x000000008396cd58}: 'java.lang.Object java.lang.invoke.DirectMethodHandle$Holder.invokeStatic(java.lang.Object, java.lang.Object, java.lang.Object, java.lang.Object, java.lang.Object, java.lang.Object, java.lang.Object, java.lang.Object, java.lang.Object, java.lang.Object, java.lang.Object, java.lang.Object, java.lang.Object, java.lang.Object, java.lang.Object, java.lang.Object, java.lang.Object, java.lang.Object, java.lang.Object, java.lang.Object)'> (0x00000000
Event: 6.076 Thread 0x0000016ef2f98bb0 Exception <a 'java/lang/NoSuchMethodError'{0x0000000083997e50}: 'java.lang.Object java.lang.invoke.DirectMethodHandle$Holder.invokeStatic(java.lang.Object, java.lang.Object, java.lang.Object, java.lang.Object, java.lang.Object, java.lang.Object, java.lang.Object, java.lang.Object, java.lang.Object, java.lang.Object, java.lang.Object, java.lang.Object, java.lang.Object, java.lang.Object, java.lang.Object, java.lang.Object, java.lang.Object, java.lang.Object, java.lang.Object, java.lang.Object, java.lang.Obj
Event: 6.079 Thread 0x0000016ef2f98bb0 Exception <a 'java/lang/NoSuchMethodError'{0x00000000839c36a8}: 'java.lang.Object java.lang.invoke.DirectMethodHandle$Holder.invokeStatic(java.lang.Object, java.lang.Object, java.lang.Object, java.lang.Object, java.lang.Object, java.lang.Object, java.lang.Object, java.lang.Object, java.lang.Object, java.lang.Object, java.lang.Object, java.lang.Object, java.lang.Object, java.lang.Object, java.lang.Object, java.lang.Object, java.lang.Object, java.lang.Object, java.lang.Object, java.lang.Object, java.lang.Obj
Event: 6.082 Thread 0x0000016ef2f98bb0 Exception <a 'java/lang/NoSuchMethodError'{0x00000000839f0c18}: 'java.lang.Object java.lang.invoke.DirectMethodHandle$Holder.invokeStatic(java.lang.Object, java.lang.Object, java.lang.Object, java.lang.Object, java.lang.Object, java.lang.Object, java.lang.Object, java.lang.Object, java.lang.Object, java.lang.Object, java.lang.Object, java.lang.Object, java.lang.Object, java.lang.Object, java.lang.Object, java.lang.Object, java.lang.Object, java.lang.Object, java.lang.Object, java.lang.Object, java.lang.Obj
Event: 6.084 Thread 0x0000016ef2f98bb0 Exception <a 'java/lang/NoSuchMethodError'{0x000000008381fc50}: 'java.lang.Object java.lang.invoke.DirectMethodHandle$Holder.invokeStatic(java.lang.Object, java.lang.Object, java.lang.Object, java.lang.Object, java.lang.Object, java.lang.Object, java.lang.Object, java.lang.Object, java.lang.Object, java.lang.Object, java.lang.Object, java.lang.Object, java.lang.Object, java.lang.Object, java.lang.Object, java.lang.Object, java.lang.Object, java.lang.Object, java.lang.Object, java.lang.Object, java.lang.Obj
Event: 6.303 Thread 0x0000016ef2f98bb0 Exception <a 'java/lang/NoSuchMethodError'{0x0000000083428518}: 'java.lang.Object java.lang.invoke.DirectMethodHandle$Holder.newInvokeSpecial(java.lang.Object, java.lang.Object, int)'> (0x0000000083428518) 
thrown [s\src\hotspot\share\interpreter\linkResolver.cpp, line 759]
Event: 6.986 Thread 0x0000016ef2f98bb0 Implicit null exception at 0x0000016eddcbfcef to 0x0000016eddcbff30
Event: 6.995 Thread 0x0000016ef2f98bb0 Implicit null exception at 0x0000016edda0fb72 to 0x0000016edda10120
Event: 7.031 Thread 0x0000016ef2f98bb0 Exception <a 'sun/nio/fs/WindowsException'{0x00000000837d6238}> (0x00000000837d6238) 
thrown [s\src\hotspot\share\prims\jni.cpp, line 516]
Event: 11.014 Thread 0x0000016ef2f98bb0 Exception <a 'java/lang/ClassNotFoundException'{0x0000000083ca0838}: build_5fet1gtol90llktjma3vumry6BeanInfo> (0x0000000083ca0838) 
thrown [s\src\hotspot\share\classfile\systemDictionary.cpp, line 256]
Event: 11.015 Thread 0x0000016ef2f98bb0 Exception <a 'java/lang/ClassNotFoundException'{0x0000000083ca7058}: build_5fet1gtol90llktjma3vumry6Customizer> (0x0000000083ca7058) 
thrown [s\src\hotspot\share\classfile\systemDictionary.cpp, line 256]

VM Operations (20 events):
Event: 7.225 Executing VM operation: HandshakeAllThreads done
Event: 8.182 Executing VM operation: ICBufferFull
Event: 8.183 Executing VM operation: ICBufferFull done
Event: 10.183 Executing VM operation: Cleanup
Event: 10.187 Executing VM operation: Cleanup done
Event: 10.206 Executing VM operation: G1CollectForAllocation
Event: 10.217 Executing VM operation: G1CollectForAllocation done
Event: 10.236 Executing VM operation: G1Concurrent
Event: 10.244 Executing VM operation: G1Concurrent done
Event: 10.253 Executing VM operation: G1Concurrent
Event: 10.255 Executing VM operation: G1Concurrent done
Event: 11.103 Executing VM operation: G1TryInitiateConcMark
Event: 11.107 Executing VM operation: G1TryInitiateConcMark done
Event: 11.132 Executing VM operation: G1Concurrent
Event: 11.134 Executing VM operation: G1Concurrent done
Event: 11.143 Executing VM operation: G1Concurrent
Event: 11.144 Executing VM operation: G1Concurrent done
Event: 11.173 Executing VM operation: G1TryInitiateConcMark
Event: 11.175 Executing VM operation: G1TryInitiateConcMark done
Event: 11.198 Executing VM operation: G1Concurrent

Events (20 events):
Event: 10.292 Thread 0x0000016ef57ff570 Thread added: 0x0000016ef57ff570
Event: 10.292 Thread 0x0000016ef57fe230 Thread added: 0x0000016ef57fe230
Event: 10.293 Thread 0x0000016ef57febd0 Thread added: 0x0000016ef57febd0
Event: 10.293 Thread 0x0000016ef58038d0 Thread added: 0x0000016ef58038d0
Event: 10.293 Thread 0x0000016ef5802590 Thread added: 0x0000016ef5802590
Event: 10.293 Thread 0x0000016ef57ffa40 Thread added: 0x0000016ef57ffa40
Event: 10.293 Thread 0x0000016ef39a78c0 Thread added: 0x0000016ef39a78c0
Event: 10.293 Thread 0x0000016ef39a8260 Thread added: 0x0000016ef39a8260
Event: 10.293 Thread 0x0000016ef39a60b0 Thread added: 0x0000016ef39a60b0
Event: 10.293 Thread 0x0000016ef39a6a50 Thread added: 0x0000016ef39a6a50
Event: 10.294 Thread 0x0000016ef39a4d70 Thread added: 0x0000016ef39a4d70
Event: 10.294 Thread 0x0000016ef39a5be0 Thread added: 0x0000016ef39a5be0
Event: 10.294 Thread 0x0000016ef39a6580 Thread added: 0x0000016ef39a6580
Event: 10.773 Thread 0x0000016ef39a9f40 Thread added: 0x0000016ef39a9f40
Event: 10.773 Thread 0x0000016ef39aadb0 Thread added: 0x0000016ef39aadb0
Event: 10.773 Thread 0x0000016ef39a3a30 Thread added: 0x0000016ef39a3a30
Event: 10.773 Thread 0x0000016ef39a5710 Thread added: 0x0000016ef39a5710
Event: 10.774 Thread 0x0000016ef39a5240 Thread added: 0x0000016ef39a5240
Event: 10.774 Thread 0x0000016ef39a8c00 Thread added: 0x0000016ef39a8c00
Event: 10.774 Thread 0x0000016ef39a3f00 Thread added: 0x0000016ef39a3f00


Dynamic libraries:
0x00007ff77c8f0000 - 0x00007ff77c8fd000 	C:\Users\vorte\.jdks\corretto-17.0.7\bin\java.exe
0x00007ffeeebd0000 - 0x00007ffeeede4000 	C:\Windows\SYSTEM32\ntdll.dll
0x00007ffeed0d0000 - 0x00007ffeed192000 	C:\Windows\System32\KERNEL32.DLL
0x00007ffeec210000 - 0x00007ffeec5b3000 	C:\Windows\System32\KERNELBASE.dll
0x00007ffeec860000 - 0x00007ffeec971000 	C:\Windows\System32\ucrtbase.dll
0x00007ffed02d0000 - 0x00007ffed02e7000 	C:\Users\vorte\.jdks\corretto-17.0.7\bin\jli.dll
0x00007ffec4880000 - 0x00007ffec4895000 	C:\Users\vorte\.jdks\corretto-17.0.7\bin\VCRUNTIME140.dll
0x00007ffeecb70000 - 0x00007ffeecd1a000 	C:\Windows\System32\USER32.dll
0x00007ffeec980000 - 0x00007ffeec9a6000 	C:\Windows\System32\win32u.dll
0x00007ffeed230000 - 0x00007ffeed259000 	C:\Windows\System32\GDI32.dll
0x00007ffedbbc0000 - 0x00007ffedbe4e000 	C:\Windows\WinSxS\amd64_microsoft.windows.common-controls_6595b64144ccf1df_6.0.22621.1635_none_270f70857386168e\COMCTL32.dll
0x00007ffeed010000 - 0x00007ffeed0b7000 	C:\Windows\System32\msvcrt.dll
0x00007ffeec050000 - 0x00007ffeec169000 	C:\Windows\System32\gdi32full.dll
0x00007ffeec170000 - 0x00007ffeec20a000 	C:\Windows\System32\msvcp_win.dll
0x00007ffeecfb0000 - 0x00007ffeecfe1000 	C:\Windows\System32\IMM32.DLL
0x00007ffea3c10000 - 0x00007ffea3cab000 	C:\Users\vorte\.jdks\corretto-17.0.7\bin\msvcp140.dll
0x00007ffe90dc0000 - 0x00007ffe919da000 	C:\Users\vorte\.jdks\corretto-17.0.7\bin\server\jvm.dll
0x00007ffeecf00000 - 0x00007ffeecfae000 	C:\Windows\System32\ADVAPI32.dll
0x00007ffeee7b0000 - 0x00007ffeee854000 	C:\Windows\System32\sechost.dll
0x00007ffeee8b0000 - 0x00007ffeee9c7000 	C:\Windows\System32\RPCRT4.dll
0x00007ffee1f30000 - 0x00007ffee1f64000 	C:\Windows\SYSTEM32\WINMM.dll
0x00007ffee5fb0000 - 0x00007ffee5fb9000 	C:\Windows\SYSTEM32\WSOCK32.dll
0x00007ffee39f0000 - 0x00007ffee39fa000 	C:\Windows\SYSTEM32\VERSION.dll
0x00007ffeec9b0000 - 0x00007ffeeca21000 	C:\Windows\System32\WS2_32.dll
0x00007ffeeb0c0000 - 0x00007ffeeb0d8000 	C:\Windows\SYSTEM32\kernel.appcore.dll
0x00007ffec4cb0000 - 0x00007ffec4cba000 	C:\Users\vorte\.jdks\corretto-17.0.7\bin\jimage.dll
0x00007ffee9a20000 - 0x00007ffee9c4e000 	C:\Windows\SYSTEM32\DBGHELP.DLL
0x00007ffeee420000 - 0x00007ffeee7a9000 	C:\Windows\System32\combase.dll
0x00007ffeecd20000 - 0x00007ffeecdf7000 	C:\Windows\System32\OLEAUT32.dll
0x00007ffed2ca0000 - 0x00007ffed2cd2000 	C:\Windows\SYSTEM32\dbgcore.DLL
0x00007ffeebfd0000 - 0x00007ffeec04a000 	C:\Windows\System32\bcryptPrimitives.dll
0x00007ffebd210000 - 0x00007ffebd235000 	C:\Users\vorte\.jdks\corretto-17.0.7\bin\java.dll
0x00007ffea08e0000 - 0x00007ffea09b6000 	C:\Users\vorte\.jdks\corretto-17.0.7\bin\jsvml.dll
0x00007ffeed3c0000 - 0x00007ffeedbb9000 	C:\Windows\System32\SHELL32.dll
0x00007ffee9f80000 - 0x00007ffeea84e000 	C:\Windows\SYSTEM32\windows.storage.dll
0x00007ffee9e40000 - 0x00007ffee9f7e000 	C:\Windows\SYSTEM32\wintypes.dll
0x00007ffeed2c0000 - 0x00007ffeed3b1000 	C:\Windows\System32\SHCORE.dll
0x00007ffeed1c0000 - 0x00007ffeed21e000 	C:\Windows\System32\shlwapi.dll
0x00007ffeebf00000 - 0x00007ffeebf26000 	C:\Windows\SYSTEM32\profapi.dll
0x00007ffebd1f0000 - 0x00007ffebd209000 	C:\Users\vorte\.jdks\corretto-17.0.7\bin\net.dll
0x00007ffee5010000 - 0x00007ffee5147000 	C:\Windows\SYSTEM32\WINHTTP.dll
0x00007ffeeb530000 - 0x00007ffeeb599000 	C:\Windows\system32\mswsock.dll
0x00007ffebd1d0000 - 0x00007ffebd1e5000 	C:\Users\vorte\.jdks\corretto-17.0.7\bin\nio.dll
0x00007ffebcf70000 - 0x00007ffebcf88000 	C:\Users\vorte\.jdks\corretto-17.0.7\bin\zip.dll
0x00007ffeb9910000 - 0x00007ffeb9920000 	C:\Users\vorte\.jdks\corretto-17.0.7\bin\verify.dll
0x00007ffec3c70000 - 0x00007ffec3c97000 	C:\Users\vorte\.gradle\native\68d5fa5c4cc2d200863cafc0d521ce42e7d3e7ee720ec0a83991735586a16f82\windows-amd64\native-platform.dll
0x00007ffea13d0000 - 0x00007ffea1514000 	C:\Users\vorte\.gradle\native\e376f236ea51e6404a007f0833ffe2c6e607c4080706a723a18a27aeea778392\windows-amd64\native-platform-file-events.dll
0x00007ffed7730000 - 0x00007ffed7739000 	C:\Users\vorte\.jdks\corretto-17.0.7\bin\management.dll
0x00007ffed74c0000 - 0x00007ffed74cb000 	C:\Users\vorte\.jdks\corretto-17.0.7\bin\management_ext.dll
0x00007ffeedbc0000 - 0x00007ffeedbc8000 	C:\Windows\System32\PSAPI.DLL
0x00007ffeeb850000 - 0x00007ffeeb86b000 	C:\Windows\SYSTEM32\CRYPTSP.dll
0x00007ffeeb030000 - 0x00007ffeeb065000 	C:\Windows\system32\rsaenh.dll
0x00007ffeeb5d0000 - 0x00007ffeeb5fc000 	C:\Windows\SYSTEM32\USERENV.dll
0x00007ffeeb980000 - 0x00007ffeeb9a8000 	C:\Windows\SYSTEM32\bcrypt.dll
0x00007ffeeb830000 - 0x00007ffeeb83c000 	C:\Windows\SYSTEM32\CRYPTBASE.dll
0x00007ffeeab60000 - 0x00007ffeeab8d000 	C:\Windows\SYSTEM32\IPHLPAPI.DLL
0x00007ffeed220000 - 0x00007ffeed229000 	C:\Windows\System32\NSI.dll
0x00007ffee5200000 - 0x00007ffee5219000 	C:\Windows\SYSTEM32\dhcpcsvc6.DLL
0x00007ffee4eb0000 - 0x00007ffee4ecf000 	C:\Windows\SYSTEM32\dhcpcsvc.DLL
0x00007ffeeab90000 - 0x00007ffeeac83000 	C:\Windows\SYSTEM32\DNSAPI.dll
0x00007ffed2640000 - 0x00007ffed264e000 	C:\Users\vorte\.jdks\corretto-17.0.7\bin\sunmscapi.dll
0x00007ffeec680000 - 0x00007ffeec7e7000 	C:\Windows\System32\CRYPT32.dll
0x00007ffeeb950000 - 0x00007ffeeb97e000 	C:\Windows\SYSTEM32\ncrypt.dll
0x00007ffeeb910000 - 0x00007ffeeb947000 	C:\Windows\SYSTEM32\NTASN1.dll
0x00007ffed88f0000 - 0x00007ffed88f8000 	C:\Windows\system32\wshunix.dll
0x00007ffee5e20000 - 0x00007ffee5e2a000 	C:\Windows\System32\rasadhlp.dll
0x00007ffee3a10000 - 0x00007ffee3a94000 	C:\Windows\System32\fwpuclnt.dll

dbghelp: loaded successfully - version: 4.0.5 - missing functions: none
symbol engine: initialized successfully - sym options: 0x614 - pdb path: .;C:\Users\vorte\.jdks\corretto-17.0.7\bin;C:\Windows\SYSTEM32;C:\Windows\WinSxS\amd64_microsoft.windows.common-controls_6595b64144ccf1df_6.0.22621.1635_none_270f70857386168e;C:\Users\vorte\.jdks\corretto-17.0.7\bin\server;C:\Users\vorte\.gradle\native\68d5fa5c4cc2d200863cafc0d521ce42e7d3e7ee720ec0a83991735586a16f82\windows-amd64;C:\Users\vorte\.gradle\native\e376f236ea51e6404a007f0833ffe2c6e607c4080706a723a18a27aeea778392\windows-amd64

VM Arguments:
jvm_args: --add-opens=java.base/java.util=ALL-UNNAMED --add-opens=java.base/java.lang=ALL-UNNAMED --add-opens=java.base/java.lang.invoke=ALL-UNNAMED --add-opens=java.prefs/java.util.prefs=ALL-UNNAMED --add-opens=java.base/java.nio.charset=ALL-UNNAMED --add-opens=java.base/java.net=ALL-UNNAMED --add-opens=java.base/java.util.concurrent.atomic=ALL-UNNAMED -Xmx2048m -Dfile.encoding=UTF-8 -Duser.country=US -Duser.language=en -Duser.variant 
java_command: org.gradle.launcher.daemon.bootstrap.GradleDaemon 8.0
java_class_path (initial): C:\Users\vorte\.gradle\wrapper\dists\gradle-8.0-bin\ca5e32bp14vu59qr306oxotwh\gradle-8.0\lib\gradle-launcher-8.0.jar
Launcher Type: SUN_STANDARD

[Global flags]
     intx CICompilerCount                          = 4                                         {product} {ergonomic}
     uint ConcGCThreads                            = 3                                         {product} {ergonomic}
     uint G1ConcRefinementThreads                  = 10                                        {product} {ergonomic}
   size_t G1HeapRegionSize                         = 1048576                                   {product} {ergonomic}
    uintx GCDrainStackTargetSize                   = 64                                        {product} {ergonomic}
   size_t InitialHeapSize                          = 232783872                                 {product} {ergonomic}
   size_t MarkStackSize                            = 4194304                                   {product} {ergonomic}
   size_t MaxHeapSize                              = 2147483648                                {product} {command line}
   size_t MaxNewSize                               = 1287651328                                {product} {ergonomic}
   size_t MinHeapDeltaBytes                        = 1048576                                   {product} {ergonomic}
   size_t MinHeapSize                              = 8388608                                   {product} {ergonomic}
    uintx NonNMethodCodeHeapSize                   = 5839372                                {pd product} {ergonomic}
    uintx NonProfiledCodeHeapSize                  = 122909434                              {pd product} {ergonomic}
    uintx ProfiledCodeHeapSize                     = 122909434                              {pd product} {ergonomic}
    uintx ReservedCodeCacheSize                    = 251658240                              {pd product} {ergonomic}
     bool SegmentedCodeCache                       = true                                      {product} {ergonomic}
   size_t SoftMaxHeapSize                          = 2147483648                             {manageable} {ergonomic}
     bool UseCompressedClassPointers               = true                           {product lp64_product} {ergonomic}
     bool UseCompressedOops                        = true                           {product lp64_product} {ergonomic}
     bool UseG1GC                                  = true                                      {product} {ergonomic}
     bool UseLargePagesIndividualAllocation        = false                                  {pd product} {ergonomic}

Logging:
Log output configuration:
 #0: stdout all=warning uptime,level,tags
 #1: stderr all=off uptime,level,tags

Environment Variables:
PATH=C:\Program Files (x86)\Common Files\Oracle\Java\javapath;C:\Windows\system32;C:\Windows;C:\Windows\System32\Wbem;C:\Windows\System32\WindowsPowerShell\v1.0\;C:\Windows\System32\OpenSSH\;C:\Program Files\Git\cmd;C:\Program Files\NVIDIA Corporation\NVIDIA NvDLISR;C:\Program Files (x86)\NVIDIA Corporation\PhysX\Common;D:\Utils\Gradle\gradle-8.2\bin;C:\Program Files\MySQL\MySQL Shell 8.0\bin\;C:\Users\vorte\AppData\Local\Microsoft\WindowsApps;;D:\Programs\IntelliJ IDEA 2023.1.3\bin;
USERNAME=vorte
OS=Windows_NT
PROCESSOR_IDENTIFIER=AMD64 Family 25 Model 80 Stepping 0, AuthenticAMD
TMP=C:\Users\vorte\AppData\Local\Temp
TEMP=C:\Users\vorte\AppData\Local\Temp



---------------  S Y S T E M  ---------------

OS:
 Windows 11 , 64 bit Build 22621 (10.0.22621.1928)
OS uptime: 3 days 16:46 hours
Hyper-V role detected

CPU: total 12 (initial active 12) (12 cores per cpu, 2 threads per core) family 25 model 80 stepping 0 microcode 0x0, cx8, cmov, fxsr, ht, mmx, 3dnowpref, sse, sse2, sse3, ssse3, sse4a, sse4.1, sse4.2, popcnt, lzcnt, tsc, tscinvbit, avx, avx2, aes, erms, clmul, bmi1, bmi2, adx, sha, fma, vzeroupper, clflush, clflushopt, hv

Memory: 4k page, system-wide physical 14188M (318M free)
TotalPageFile size 24963M (AvailPageFile size 5M)
current process WorkingSet (physical memory assigned to process): 253M, peak: 260M
current process commit charge ("private bytes"): 301M, peak: 425M

vm_info: OpenJDK 64-Bit Server VM (17.0.7+7-LTS) for windows-amd64 JRE (17.0.7+7-LTS), built on Apr 14 2023 01:39:21 by "Administrator" with MS VC++ 15.9 (VS2017)

END.
